#-----------------------------------------------------------
# Vivado v2020.2 (64-bit)
# SW Build 3064766 on Wed Nov 18 09:12:45 MST 2020
# IP Build 3064653 on Wed Nov 18 14:17:31 MST 2020
# Start of session at: Thu May  2 09:38:29 2024
# Process ID: 23156
# Current directory: C:/Users/zafranc/Downloads/DLD-Final_Project/Vivado/Project
# Command line: vivado.exe -gui_launcher_event rodinguilauncherevent22472 C:\Users\zafranc\Downloads\DLD-Final_Project\Vivado\Project\Project.xpr
# Log file: C:/Users/zafranc/Downloads/DLD-Final_Project/Vivado/Project/vivado.log
# Journal file: C:/Users/zafranc/Downloads/DLD-Final_Project/Vivado/Project\vivado.jou
#-----------------------------------------------------------
start_gui
open_project C:/Users/zafranc/Downloads/DLD-Final_Project/Vivado/Project/Project.xpr
CRITICAL WARNING: [Project 1-19] Could not find the file 'C:/Users/zafranc/Downloads/DLD-Final_Project/Vivado/Project/Project.srcs/sources_1/imports/dldfall22proj/SV/all.sv'.
CRITICAL WARNING: [Project 1-19] Could not find the file 'C:/Users/zafranc/Downloads/dldfall2022-main/Lab3/SV/clk_div.sv'.
CRITICAL WARNING: [Project 1-19] Could not find the file 'C:/Users/zafranc/Downloads/DLD-Final_Project/Vivado/Project/Project.srcs/sources_1/imports/dldfall22proj/SV/datapath.sv'.
CRITICAL WARNING: [Project 1-19] Could not find the file 'C:/Users/zafranc/Downloads/DLD-Final_Project/Vivado/Project/Project.srcs/sources_1/imports/dldfall22proj/SV/fsm.sv'.
CRITICAL WARNING: [Project 1-19] Could not find the file 'C:/Users/zafranc/Downloads/DLD-Final_Project/Vivado/Project/Project.srcs/sources_1/imports/dldfall22proj/SV/mux.sv'.
CRITICAL WARNING: [Project 1-19] Could not find the file 'C:/Users/zafranc/Downloads/DLD-Final_Project/Vivado/Project/Project.srcs/sources_1/imports/dldfall22proj/SV/register.sv'.
CRITICAL WARNING: [Project 1-19] Could not find the file 'C:/Users/zafranc/Downloads/hdmi_files/hdmi_working/audio_clock_regeneration_packet.sv'.
CRITICAL WARNING: [Project 1-19] Could not find the file 'C:/Users/zafranc/Downloads/hdmi_files/hdmi_working/audio_info_frame.sv'.
CRITICAL WARNING: [Project 1-19] Could not find the file 'C:/Users/zafranc/Downloads/hdmi_files/hdmi_working/audio_sample_packet.sv'.
CRITICAL WARNING: [Project 1-19] Could not find the file 'C:/Users/zafranc/Downloads/hdmi_files/hdmi_working/auxiliary_video_information_info_frame.sv'.
CRITICAL WARNING: [Project 1-19] Could not find the file 'C:/Users/zafranc/Downloads/hdmi_files/hdmi_working/hdmi.sv'.
CRITICAL WARNING: [Project 1-19] Could not find the file 'C:/Users/zafranc/Downloads/hdmi_files/hdmi_working/hdmi_top.sv'.
CRITICAL WARNING: [Project 1-19] Could not find the file 'C:/Users/zafranc/Downloads/hdmi_files/hdmi_working/packet_assembler.sv'.
CRITICAL WARNING: [Project 1-19] Could not find the file 'C:/Users/zafranc/Downloads/hdmi_files/hdmi_working/packet_picker.sv'.
CRITICAL WARNING: [Project 1-19] Could not find the file 'C:/Users/zafranc/Downloads/hdmi_files/hdmi_working/pll.sv'.
CRITICAL WARNING: [Project 1-19] Could not find the file 'C:/Users/zafranc/Downloads/hdmi_files/hdmi_working/serializer.sv'.
CRITICAL WARNING: [Project 1-19] Could not find the file 'C:/Users/zafranc/Downloads/hdmi_files/hdmi_working/source_product_description_info_frame.sv'.
CRITICAL WARNING: [Project 1-19] Could not find the file 'C:/Users/zafranc/Downloads/hdmi_files/hdmi_working/tmds_channel.sv'.
CRITICAL WARNING: [Project 1-19] Could not find the file 'C:/Users/zafranc/Downloads/hdmi_files/hdmi_working/attributemap.sv'.
CRITICAL WARNING: [Project 1-19] Could not find the file 'C:/Users/zafranc/Downloads/hdmi_files/hdmi_working/console.sv'.
CRITICAL WARNING: [Project 1-19] Could not find the file 'C:/Users/zafranc/Downloads/hdmi_files/hdmi_working/glyphmap.sv'.
CRITICAL WARNING: [Project 1-19] Could not find the file 'C:/Users/Downloads/hdmi_working/attributemap.sv'.
CRITICAL WARNING: [Project 1-19] Could not find the file 'C:/Users/Downloads/hdmi_working/audio_clock_regeneration_packet.sv'.
CRITICAL WARNING: [Project 1-19] Could not find the file 'C:/Users/Downloads/hdmi_working/audio_info_frame.sv'.
CRITICAL WARNING: [Project 1-19] Could not find the file 'C:/Users/Downloads/hdmi_working/audio_sample_packet.sv'.
CRITICAL WARNING: [Project 1-19] Could not find the file 'C:/Users/Downloads/hdmi_working/auxiliary_video_information_info_frame.sv'.
CRITICAL WARNING: [Project 1-19] Could not find the file 'C:/Users/Downloads/hdmi_working/console.sv'.
CRITICAL WARNING: [Project 1-19] Could not find the file 'C:/Users/Downloads/hdmi_working/glyphmap.sv'.
CRITICAL WARNING: [Project 1-19] Could not find the file 'C:/Users/Downloads/hdmi_working/hdmi.sv'.
CRITICAL WARNING: [Project 1-19] Could not find the file 'C:/Users/Downloads/hdmi_working/hdmi_top.sv'.
CRITICAL WARNING: [Project 1-19] Could not find the file 'C:/Users/Downloads/hdmi_working/packet_assembler.sv'.
CRITICAL WARNING: [Project 1-19] Could not find the file 'C:/Users/Downloads/hdmi_working/packet_picker.sv'.
CRITICAL WARNING: [Project 1-19] Could not find the file 'C:/Users/Downloads/hdmi_working/pll.sv'.
CRITICAL WARNING: [Project 1-19] Could not find the file 'C:/Users/Downloads/hdmi_working/serializer.sv'.
CRITICAL WARNING: [Project 1-19] Could not find the file 'C:/Users/Downloads/hdmi_working/source_product_description_info_frame.sv'.
CRITICAL WARNING: [Project 1-19] Could not find the file 'C:/Users/Downloads/hdmi_working/tmds_channel.sv'.
CRITICAL WARNING: [Project 1-19] Could not find the file 'C:/Users/zafranc/Downloads/DLD-Final_Project/Demo/archive_project_summary.txt'.
Scanning sources...
Finished scanning sources
INFO: [IP_Flow 19-234] Refreshing IP repositories
INFO: [IP_Flow 19-1704] No user IP repositories specified
INFO: [IP_Flow 19-2313] Loaded Vivado IP repository 'C:/Xilinx/Vivado/2020.2/data/ip'.
open_project: Time (s): cpu = 00:00:13 ; elapsed = 00:00:07 . Memory (MB): peak = 1081.855 ; gain = 0.000
update_compile_order -fileset sources_1
add_files -norecurse {C:/Users/zafranc/Downloads/DLD-Final_Project/SV/datapath.sv C:/Users/zafranc/Downloads/DLD-Final_Project/SV/lfsr.sv C:/Users/zafranc/Downloads/DLD-Final_Project/SV/fsm.sv C:/Users/zafranc/Downloads/DLD-Final_Project/SV/callTo.sv C:/Users/zafranc/Downloads/DLD-Final_Project/SV/clk_div.sv C:/Users/zafranc/Downloads/DLD-Final_Project/SV/mux.sv}
WARNING: [filemgmt 56-12] File 'C:/Users/zafranc/Downloads/DLD-Final_Project/SV/datapath.sv' cannot be added to the project because it already exists in the project, skipping this file
WARNING: [filemgmt 56-12] File 'C:/Users/zafranc/Downloads/DLD-Final_Project/SV/lfsr.sv' cannot be added to the project because it already exists in the project, skipping this file
WARNING: [filemgmt 56-12] File 'C:/Users/zafranc/Downloads/DLD-Final_Project/SV/callTo.sv' cannot be added to the project because it already exists in the project, skipping this file
WARNING: [filemgmt 56-12] File 'C:/Users/zafranc/Downloads/DLD-Final_Project/SV/clk_div.sv' cannot be added to the project because it already exists in the project, skipping this file
WARNING: [filemgmt 56-12] File 'C:/Users/zafranc/Downloads/DLD-Final_Project/SV/mux.sv' cannot be added to the project because it already exists in the project, skipping this file
update_compile_order -fileset sources_1
reset_run synth_1
launch_runs synth_1 -jobs 8
[Thu May  2 09:42:25 2024] Launched synth_1...
Run output will be captured here: C:/Users/zafranc/Downloads/DLD-Final_Project/Vivado/Project/Project.runs/synth_1/runme.log
launch_runs impl_1 -jobs 8
[Thu May  2 09:43:34 2024] Launched impl_1...
Run output will be captured here: C:/Users/zafranc/Downloads/DLD-Final_Project/Vivado/Project/Project.runs/impl_1/runme.log
launch_runs impl_1 -to_step write_bitstream -jobs 8
[Thu May  2 09:44:41 2024] Launched impl_1...
Run output will be captured here: C:/Users/zafranc/Downloads/DLD-Final_Project/Vivado/Project/Project.runs/impl_1/runme.log
open_run impl_1
INFO: [Device 21-403] Loading part xc7z020clg484-1
Netlist sorting complete. Time (s): cpu = 00:00:00 ; elapsed = 00:00:00.005 . Memory (MB): peak = 1425.898 ; gain = 0.000
INFO: [Netlist 29-17] Analyzing 51 Unisim elements for replacement
INFO: [Netlist 29-28] Unisim Transformation completed in 0 CPU seconds
INFO: [Project 1-479] Netlist was created with Vivado 2020.2
INFO: [Project 1-570] Preparing netlist for logic optimization
INFO: [Timing 38-478] Restoring timing data from binary archive.
INFO: [Timing 38-479] Binary timing data restore complete.
INFO: [Project 1-856] Restoring constraints from binary archive.
INFO: [Project 1-853] Binary constraint restore complete.
Reading XDEF placement.
Reading placer database...
Reading XDEF routing.
Read XDEF File: Time (s): cpu = 00:00:00 ; elapsed = 00:00:00.075 . Memory (MB): peak = 2102.676 ; gain = 0.000
Restored from archive | CPU: 0.000000 secs | Memory: 0.000000 MB |
Finished XDEF File Restore: Time (s): cpu = 00:00:00 ; elapsed = 00:00:00.075 . Memory (MB): peak = 2102.676 ; gain = 0.000
Netlist sorting complete. Time (s): cpu = 00:00:00 ; elapsed = 00:00:00 . Memory (MB): peak = 2102.676 ; gain = 0.000
INFO: [Project 1-111] Unisim Transformation Summary:
No Unisim elements were transformed.

open_run: Time (s): cpu = 00:00:18 ; elapsed = 00:00:16 . Memory (MB): peak = 2244.895 ; gain = 1111.219
WARNING: [Timing 38-313] There are no user specified timing constraints. Timing constraints are needed for proper timing analysis.
open_hw_manager
connect_hw_server -allow_non_jtag
INFO: [Labtools 27-2285] Connecting to hw_server url TCP:localhost:3121
INFO: [Labtools 27-2222] Launching hw_server...
INFO: [Labtools 27-2221] Launch Output:

****** Xilinx hw_server v2020.2
  **** Build date : Nov 18 2020 at 10:01:48
    ** Copyright 1986-2020 Xilinx, Inc. All Rights Reserved.


INFO: [Labtools 27-3415] Connecting to cs_server url TCP:localhost:3042
INFO: [Labtools 27-3417] Launching cs_server...
INFO: [Labtools 27-2221] Launch Output:


******** Xilinx cs_server v2020.2
  ****** Build date   : Nov 03 2020-15:02:56
    **** Build number : 2020.2.1604437376
      ** Copyright 2017-2020 Xilinx, Inc. All Rights Reserved.



connect_hw_server: Time (s): cpu = 00:00:00 ; elapsed = 00:00:08 . Memory (MB): peak = 2300.336 ; gain = 15.238
open_hw_target
INFO: [Labtoolstcl 44-466] Opening hw_target localhost:3121/xilinx_tcf/Digilent/210014A24F66A
open_hw_target: Time (s): cpu = 00:00:04 ; elapsed = 00:00:06 . Memory (MB): peak = 3813.145 ; gain = 1512.809
set_property PROGRAM.FILE {C:/Users/zafranc/Downloads/DLD-Final_Project/Vivado/Project/Project.runs/impl_1/top_demo.bit} [get_hw_devices xc7z020_1]
current_hw_device [get_hw_devices xc7z020_1]
refresh_hw_device -update_hw_probes false [lindex [get_hw_devices xc7z020_1] 0]
INFO: [Labtools 27-1435] Device xc7z020 (JTAG device index = 1) is not programmed (DONE status = 0).
set_property PROBES.FILE {} [get_hw_devices xc7z020_1]
set_property FULL_PROBES.FILE {} [get_hw_devices xc7z020_1]
set_property PROGRAM.FILE {C:/Users/zafranc/Downloads/DLD-Final_Project/Vivado/Project/Project.runs/impl_1/top_demo.bit} [get_hw_devices xc7z020_1]
program_hw_devices [get_hw_devices xc7z020_1]
INFO: [Labtools 27-3164] End of startup status: HIGH
refresh_hw_device [lindex [get_hw_devices xc7z020_1] 0]
INFO: [Labtools 27-1434] Device xc7z020 (JTAG device index = 1) is programmed with a design that has no supported debug core(s) in it.
ERROR: [Labtoolstcl 44-513] HW Target shutdown. Closing target: localhost:3121/xilinx_tcf/Digilent/210014A24F66A
INFO: [Labtoolstcl 44-466] Opening hw_target localhost:3121/xilinx_tcf/Digilent/210014A24F66A
WARNING: [Labtoolstcl 44-129] No matching hw_ila_data was found.
INFO: [Labtools 27-1434] Device xc7z020 (JTAG device index = 1) is programmed with a design that has no supported debug core(s) in it.
WARNING: [Labtoolstcl 44-129] No matching hw_ila_data was found.
reset_run synth_1
WARNING: [Vivado 12-1017] Problems encountered:
1. Failed to delete one or more files in run directory C:/Users/zafranc/Downloads/DLD-Final_Project/Vivado/Project/Project.runs/synth_1

launch_runs synth_1 -jobs 8
[Thu May  2 09:57:36 2024] Launched synth_1...
Run output will be captured here: C:/Users/zafranc/Downloads/DLD-Final_Project/Vivado/Project/Project.runs/synth_1/runme.log
launch_runs impl_1 -jobs 8
[Thu May  2 09:58:52 2024] Launched impl_1...
Run output will be captured here: C:/Users/zafranc/Downloads/DLD-Final_Project/Vivado/Project/Project.runs/impl_1/runme.log
launch_runs impl_1 -to_step write_bitstream -jobs 8
[Thu May  2 10:00:12 2024] Launched impl_1...
Run output will be captured here: C:/Users/zafranc/Downloads/DLD-Final_Project/Vivado/Project/Project.runs/impl_1/runme.log
set_property PROBES.FILE {} [get_hw_devices xc7z020_1]
set_property FULL_PROBES.FILE {} [get_hw_devices xc7z020_1]
set_property PROGRAM.FILE {C:/Users/zafranc/Downloads/DLD-Final_Project/Vivado/Project/Project.runs/impl_1/top_demo.bit} [get_hw_devices xc7z020_1]
program_hw_devices [get_hw_devices xc7z020_1]
INFO: [Labtools 27-3164] End of startup status: HIGH
refresh_hw_device [lindex [get_hw_devices xc7z020_1] 0]
INFO: [Labtools 27-1434] Device xc7z020 (JTAG device index = 1) is programmed with a design that has no supported debug core(s) in it.
refresh_design
Netlist sorting complete. Time (s): cpu = 00:00:00 ; elapsed = 00:00:00.005 . Memory (MB): peak = 3932.484 ; gain = 0.000
INFO: [Netlist 29-17] Analyzing 51 Unisim elements for replacement
INFO: [Netlist 29-28] Unisim Transformation completed in 0 CPU seconds
INFO: [Project 1-479] Netlist was created with Vivado 2020.2
INFO: [Project 1-570] Preparing netlist for logic optimization
INFO: [Timing 38-478] Restoring timing data from binary archive.
INFO: [Timing 38-479] Binary timing data restore complete.
INFO: [Project 1-856] Restoring constraints from binary archive.
INFO: [Project 1-853] Binary constraint restore complete.
Reading XDEF placement.
Reading placer database...
Reading XDEF routing.
Read XDEF File: Time (s): cpu = 00:00:00 ; elapsed = 00:00:00.075 . Memory (MB): peak = 3932.484 ; gain = 0.000
Restored from archive | CPU: 0.000000 secs | Memory: 0.000000 MB |
Finished XDEF File Restore: Time (s): cpu = 00:00:00 ; elapsed = 00:00:00.076 . Memory (MB): peak = 3932.484 ; gain = 0.000
WARNING: [Timing 38-313] There are no user specified timing constraints. Timing constraints are needed for proper timing analysis.
reset_run synth_1
WARNING: [Vivado 12-1017] Problems encountered:
1. Failed to delete one or more files in run directory C:/Users/zafranc/Downloads/DLD-Final_Project/Vivado/Project/Project.runs/synth_1

launch_runs synth_1 -jobs 8
[Thu May  2 10:19:40 2024] Launched synth_1...
Run output will be captured here: C:/Users/zafranc/Downloads/DLD-Final_Project/Vivado/Project/Project.runs/synth_1/runme.log
launch_runs impl_1 -jobs 8
[Thu May  2 10:22:19 2024] Launched impl_1...
Run output will be captured here: C:/Users/zafranc/Downloads/DLD-Final_Project/Vivado/Project/Project.runs/impl_1/runme.log
launch_runs impl_1 -to_step write_bitstream -jobs 8
[Thu May  2 10:23:31 2024] Launched impl_1...
Run output will be captured here: C:/Users/zafranc/Downloads/DLD-Final_Project/Vivado/Project/Project.runs/impl_1/runme.log
set_property PROBES.FILE {} [get_hw_devices xc7z020_1]
set_property FULL_PROBES.FILE {} [get_hw_devices xc7z020_1]
set_property PROGRAM.FILE {C:/Users/zafranc/Downloads/DLD-Final_Project/Vivado/Project/Project.runs/impl_1/top_demo.bit} [get_hw_devices xc7z020_1]
program_hw_devices [get_hw_devices xc7z020_1]
INFO: [Labtools 27-3164] End of startup status: HIGH
refresh_hw_device [lindex [get_hw_devices xc7z020_1] 0]
INFO: [Labtools 27-1434] Device xc7z020 (JTAG device index = 1) is programmed with a design that has no supported debug core(s) in it.
reset_run synth_1
WARNING: [Vivado 12-1017] Problems encountered:
1. Failed to delete one or more files in run directory C:/Users/zafranc/Downloads/DLD-Final_Project/Vivado/Project/Project.runs/synth_1

launch_runs synth_1 -jobs 8
[Thu May  2 10:27:41 2024] Launched synth_1...
Run output will be captured here: C:/Users/zafranc/Downloads/DLD-Final_Project/Vivado/Project/Project.runs/synth_1/runme.log
reset_run synth_1
WARNING: [Vivado 12-1017] Problems encountered:
1. Failed to delete one or more files in run directory C:/Users/zafranc/Downloads/DLD-Final_Project/Vivado/Project/Project.runs/synth_1

launch_runs synth_1 -jobs 8
[Thu May  2 10:28:47 2024] Launched synth_1...
Run output will be captured here: C:/Users/zafranc/Downloads/DLD-Final_Project/Vivado/Project/Project.runs/synth_1/runme.log
launch_runs impl_1 -jobs 8
[Thu May  2 10:29:57 2024] Launched impl_1...
Run output will be captured here: C:/Users/zafranc/Downloads/DLD-Final_Project/Vivado/Project/Project.runs/impl_1/runme.log
launch_runs impl_1 -to_step write_bitstream -jobs 8
[Thu May  2 10:31:07 2024] Launched impl_1...
Run output will be captured here: C:/Users/zafranc/Downloads/DLD-Final_Project/Vivado/Project/Project.runs/impl_1/runme.log
set_property PROBES.FILE {} [get_hw_devices xc7z020_1]
set_property FULL_PROBES.FILE {} [get_hw_devices xc7z020_1]
set_property PROGRAM.FILE {C:/Users/zafranc/Downloads/DLD-Final_Project/Vivado/Project/Project.runs/impl_1/top_demo.bit} [get_hw_devices xc7z020_1]
program_hw_devices [get_hw_devices xc7z020_1]
INFO: [Labtools 27-3164] End of startup status: HIGH
refresh_hw_device [lindex [get_hw_devices xc7z020_1] 0]
INFO: [Labtools 27-1434] Device xc7z020 (JTAG device index = 1) is programmed with a design that has no supported debug core(s) in it.
reset_run synth_1
WARNING: [Vivado 12-1017] Problems encountered:
1. Failed to delete one or more files in run directory C:/Users/zafranc/Downloads/DLD-Final_Project/Vivado/Project/Project.runs/synth_1

launch_runs synth_1 -jobs 8
[Thu May  2 10:40:14 2024] Launched synth_1...
Run output will be captured here: C:/Users/zafranc/Downloads/DLD-Final_Project/Vivado/Project/Project.runs/synth_1/runme.log
launch_runs impl_1 -jobs 8
[Thu May  2 10:41:39 2024] Launched impl_1...
Run output will be captured here: C:/Users/zafranc/Downloads/DLD-Final_Project/Vivado/Project/Project.runs/impl_1/runme.log
launch_runs impl_1 -to_step write_bitstream -jobs 8
[Thu May  2 10:42:42 2024] Launched impl_1...
Run output will be captured here: C:/Users/zafranc/Downloads/DLD-Final_Project/Vivado/Project/Project.runs/impl_1/runme.log
set_property PROBES.FILE {} [get_hw_devices xc7z020_1]
set_property FULL_PROBES.FILE {} [get_hw_devices xc7z020_1]
set_property PROGRAM.FILE {C:/Users/zafranc/Downloads/DLD-Final_Project/Vivado/Project/Project.runs/impl_1/top_demo.bit} [get_hw_devices xc7z020_1]
program_hw_devices [get_hw_devices xc7z020_1]
INFO: [Labtools 27-3164] End of startup status: HIGH
refresh_hw_device [lindex [get_hw_devices xc7z020_1] 0]
INFO: [Labtools 27-1434] Device xc7z020 (JTAG device index = 1) is programmed with a design that has no supported debug core(s) in it.
reset_run synth_1
WARNING: [Vivado 12-1017] Problems encountered:
1. Failed to delete one or more files in run directory C:/Users/zafranc/Downloads/DLD-Final_Project/Vivado/Project/Project.runs/synth_1

launch_runs synth_1 -jobs 8
[Thu May  2 10:52:42 2024] Launched synth_1...
Run output will be captured here: C:/Users/zafranc/Downloads/DLD-Final_Project/Vivado/Project/Project.runs/synth_1/runme.log
launch_runs impl_1 -jobs 8
[Thu May  2 10:54:02 2024] Launched impl_1...
Run output will be captured here: C:/Users/zafranc/Downloads/DLD-Final_Project/Vivado/Project/Project.runs/impl_1/runme.log
reset_run synth_1
WARNING: [Vivado 12-1017] Problems encountered:
1. Failed to delete one or more files in run directory C:/Users/zafranc/Downloads/DLD-Final_Project/Vivado/Project/Project.runs/synth_1

launch_runs synth_1 -jobs 8
[Thu May  2 11:00:11 2024] Launched synth_1...
Run output will be captured here: C:/Users/zafranc/Downloads/DLD-Final_Project/Vivado/Project/Project.runs/synth_1/runme.log
launch_runs impl_1 -jobs 8
[Thu May  2 11:01:36 2024] Launched impl_1...
Run output will be captured here: C:/Users/zafranc/Downloads/DLD-Final_Project/Vivado/Project/Project.runs/impl_1/runme.log
launch_runs impl_1 -to_step write_bitstream -jobs 8
[Thu May  2 11:02:36 2024] Launched impl_1...
Run output will be captured here: C:/Users/zafranc/Downloads/DLD-Final_Project/Vivado/Project/Project.runs/impl_1/runme.log
set_property PROBES.FILE {} [get_hw_devices xc7z020_1]
set_property FULL_PROBES.FILE {} [get_hw_devices xc7z020_1]
set_property PROGRAM.FILE {C:/Users/zafranc/Downloads/DLD-Final_Project/Vivado/Project/Project.runs/impl_1/top_demo.bit} [get_hw_devices xc7z020_1]
program_hw_devices [get_hw_devices xc7z020_1]
INFO: [Labtools 27-3164] End of startup status: HIGH
refresh_hw_device [lindex [get_hw_devices xc7z020_1] 0]
INFO: [Labtools 27-1434] Device xc7z020 (JTAG device index = 1) is programmed with a design that has no supported debug core(s) in it.
reset_run synth_1
WARNING: [Vivado 12-1017] Problems encountered:
1. Failed to delete one or more files in run directory C:/Users/zafranc/Downloads/DLD-Final_Project/Vivado/Project/Project.runs/synth_1

launch_runs synth_1 -jobs 8
[Thu May  2 11:35:27 2024] Launched synth_1...
Run output will be captured here: C:/Users/zafranc/Downloads/DLD-Final_Project/Vivado/Project/Project.runs/synth_1/runme.log
launch_runs impl_1 -jobs 8
[Thu May  2 11:36:46 2024] Launched impl_1...
Run output will be captured here: C:/Users/zafranc/Downloads/DLD-Final_Project/Vivado/Project/Project.runs/impl_1/runme.log
launch_runs impl_1 -to_step write_bitstream -jobs 8
[Thu May  2 11:38:21 2024] Launched impl_1...
Run output will be captured here: C:/Users/zafranc/Downloads/DLD-Final_Project/Vivado/Project/Project.runs/impl_1/runme.log
set_property PROBES.FILE {} [get_hw_devices xc7z020_1]
set_property FULL_PROBES.FILE {} [get_hw_devices xc7z020_1]
set_property PROGRAM.FILE {C:/Users/zafranc/Downloads/DLD-Final_Project/Vivado/Project/Project.runs/impl_1/top_demo.bit} [get_hw_devices xc7z020_1]
program_hw_devices [get_hw_devices xc7z020_1]
INFO: [Labtools 27-3164] End of startup status: HIGH
refresh_hw_device [lindex [get_hw_devices xc7z020_1] 0]
INFO: [Labtools 27-1434] Device xc7z020 (JTAG device index = 1) is programmed with a design that has no supported debug core(s) in it.
ERROR: [Labtoolstcl 44-513] HW Target shutdown. Closing target: localhost:3121/xilinx_tcf/Digilent/210014A24F66A
INFO: [Labtoolstcl 44-466] Opening hw_target localhost:3121/xilinx_tcf/Digilent/210014A24F66A
WARNING: [Labtoolstcl 44-129] No matching hw_ila_data was found.
INFO: [Labtools 27-1435] Device xc7z020 (JTAG device index = 1) is not programmed (DONE status = 0).
WARNING: [Labtoolstcl 44-129] No matching hw_ila_data was found.
reset_run synth_1
WARNING: [Vivado 12-1017] Problems encountered:
1. Failed to delete one or more files in run directory C:/Users/zafranc/Downloads/DLD-Final_Project/Vivado/Project/Project.runs/synth_1

launch_runs synth_1 -jobs 8
[Thu May  2 12:47:51 2024] Launched synth_1...
Run output will be captured here: C:/Users/zafranc/Downloads/DLD-Final_Project/Vivado/Project/Project.runs/synth_1/runme.log
launch_runs impl_1 -jobs 8
[Thu May  2 12:49:17 2024] Launched impl_1...
Run output will be captured here: C:/Users/zafranc/Downloads/DLD-Final_Project/Vivado/Project/Project.runs/impl_1/runme.log
launch_runs impl_1 -to_step write_bitstream -jobs 8
[Thu May  2 12:50:25 2024] Launched impl_1...
Run output will be captured here: C:/Users/zafranc/Downloads/DLD-Final_Project/Vivado/Project/Project.runs/impl_1/runme.log
set_property PROBES.FILE {} [get_hw_devices xc7z020_1]
set_property FULL_PROBES.FILE {} [get_hw_devices xc7z020_1]
set_property PROGRAM.FILE {C:/Users/zafranc/Downloads/DLD-Final_Project/Vivado/Project/Project.runs/impl_1/top_demo.bit} [get_hw_devices xc7z020_1]
program_hw_devices [get_hw_devices xc7z020_1]
INFO: [Labtools 27-3164] End of startup status: HIGH
refresh_hw_device [lindex [get_hw_devices xc7z020_1] 0]
INFO: [Labtools 27-1434] Device xc7z020 (JTAG device index = 1) is programmed with a design that has no supported debug core(s) in it.
reset_run synth_1
WARNING: [Vivado 12-1017] Problems encountered:
1. Failed to delete one or more files in run directory C:/Users/zafranc/Downloads/DLD-Final_Project/Vivado/Project/Project.runs/synth_1

launch_runs synth_1 -jobs 8
[Thu May  2 12:52:09 2024] Launched synth_1...
Run output will be captured here: C:/Users/zafranc/Downloads/DLD-Final_Project/Vivado/Project/Project.runs/synth_1/runme.log
launch_runs impl_1 -jobs 8
[Thu May  2 12:53:30 2024] Launched impl_1...
Run output will be captured here: C:/Users/zafranc/Downloads/DLD-Final_Project/Vivado/Project/Project.runs/impl_1/runme.log
launch_runs impl_1 -to_step write_bitstream -jobs 8
[Thu May  2 12:54:33 2024] Launched impl_1...
Run output will be captured here: C:/Users/zafranc/Downloads/DLD-Final_Project/Vivado/Project/Project.runs/impl_1/runme.log
set_property PROBES.FILE {} [get_hw_devices xc7z020_1]
set_property FULL_PROBES.FILE {} [get_hw_devices xc7z020_1]
set_property PROGRAM.FILE {C:/Users/zafranc/Downloads/DLD-Final_Project/Vivado/Project/Project.runs/impl_1/top_demo.bit} [get_hw_devices xc7z020_1]
program_hw_devices [get_hw_devices xc7z020_1]
INFO: [Labtools 27-3164] End of startup status: HIGH
refresh_hw_device [lindex [get_hw_devices xc7z020_1] 0]
INFO: [Labtools 27-1434] Device xc7z020 (JTAG device index = 1) is programmed with a design that has no supported debug core(s) in it.
exit
INFO: [Common 17-206] Exiting Vivado at Thu May  2 12:56:08 2024...
