#-----------------------------------------------------------
# Vivado v2020.2 (64-bit)
# SW Build 3064766 on Wed Nov 18 09:12:45 MST 2020
# IP Build 3064653 on Wed Nov 18 14:17:31 MST 2020
# Start of session at: Thu May  2 15:25:55 2024
# Process ID: 26284
# Current directory: C:/Users/zafranc/Downloads/DLD-Final_Project/Vivado/Project
# Command line: vivado.exe -gui_launcher_event rodinguilauncherevent31420 C:\Users\zafranc\Downloads\DLD-Final_Project\Vivado\Project\Project.xpr
# Log file: C:/Users/zafranc/Downloads/DLD-Final_Project/Vivado/Project/vivado.log
# Journal file: C:/Users/zafranc/Downloads/DLD-Final_Project/Vivado/Project\vivado.jou
#-----------------------------------------------------------
start_gui
open_project C:/Users/zafranc/Downloads/DLD-Final_Project/Vivado/Project/Project.xpr
CRITICAL WARNING: [Project 1-19] Could not find the file 'C:/Users/zafranc/Downloads/DLD-Final_Project/Vivado/Project/Project.srcs/sources_1/imports/dldfall22proj/SV/all.sv'.
CRITICAL WARNING: [Project 1-19] Could not find the file 'C:/Users/zafranc/Downloads/dldfall2022-main/Lab3/SV/clk_div.sv'.
CRITICAL WARNING: [Project 1-19] Could not find the file 'C:/Users/zafranc/Downloads/DLD-Final_Project/Vivado/Project/Project.srcs/sources_1/imports/dldfall22proj/SV/datapath.sv'.
CRITICAL WARNING: [Project 1-19] Could not find the file 'C:/Users/zafranc/Downloads/DLD-Final_Project/Vivado/Project/Project.srcs/sources_1/imports/dldfall22proj/SV/fsm.sv'.
CRITICAL WARNING: [Project 1-19] Could not find the file 'C:/Users/zafranc/Downloads/DLD-Final_Project/Vivado/Project/Project.srcs/sources_1/imports/dldfall22proj/SV/mux.sv'.
CRITICAL WARNING: [Project 1-19] Could not find the file 'C:/Users/zafranc/Downloads/DLD-Final_Project/Vivado/Project/Project.srcs/sources_1/imports/dldfall22proj/SV/register.sv'.
CRITICAL WARNING: [Project 1-19] Could not find the file 'C:/Users/zafranc/Downloads/hdmi_files/hdmi_working/audio_clock_regeneration_packet.sv'.
CRITICAL WARNING: [Project 1-19] Could not find the file 'C:/Users/zafranc/Downloads/hdmi_files/hdmi_working/audio_info_frame.sv'.
CRITICAL WARNING: [Project 1-19] Could not find the file 'C:/Users/zafranc/Downloads/hdmi_files/hdmi_working/audio_sample_packet.sv'.
CRITICAL WARNING: [Project 1-19] Could not find the file 'C:/Users/zafranc/Downloads/hdmi_files/hdmi_working/auxiliary_video_information_info_frame.sv'.
CRITICAL WARNING: [Project 1-19] Could not find the file 'C:/Users/zafranc/Downloads/hdmi_files/hdmi_working/hdmi.sv'.
CRITICAL WARNING: [Project 1-19] Could not find the file 'C:/Users/zafranc/Downloads/hdmi_files/hdmi_working/hdmi_top.sv'.
CRITICAL WARNING: [Project 1-19] Could not find the file 'C:/Users/zafranc/Downloads/hdmi_files/hdmi_working/packet_assembler.sv'.
CRITICAL WARNING: [Project 1-19] Could not find the file 'C:/Users/zafranc/Downloads/hdmi_files/hdmi_working/packet_picker.sv'.
CRITICAL WARNING: [Project 1-19] Could not find the file 'C:/Users/zafranc/Downloads/hdmi_files/hdmi_working/pll.sv'.
CRITICAL WARNING: [Project 1-19] Could not find the file 'C:/Users/zafranc/Downloads/hdmi_files/hdmi_working/serializer.sv'.
CRITICAL WARNING: [Project 1-19] Could not find the file 'C:/Users/zafranc/Downloads/hdmi_files/hdmi_working/source_product_description_info_frame.sv'.
CRITICAL WARNING: [Project 1-19] Could not find the file 'C:/Users/zafranc/Downloads/hdmi_files/hdmi_working/tmds_channel.sv'.
CRITICAL WARNING: [Project 1-19] Could not find the file 'C:/Users/zafranc/Downloads/hdmi_files/hdmi_working/attributemap.sv'.
CRITICAL WARNING: [Project 1-19] Could not find the file 'C:/Users/zafranc/Downloads/hdmi_files/hdmi_working/console.sv'.
CRITICAL WARNING: [Project 1-19] Could not find the file 'C:/Users/zafranc/Downloads/hdmi_files/hdmi_working/glyphmap.sv'.
CRITICAL WARNING: [Project 1-19] Could not find the file 'C:/Users/Downloads/hdmi_working/attributemap.sv'.
CRITICAL WARNING: [Project 1-19] Could not find the file 'C:/Users/Downloads/hdmi_working/audio_clock_regeneration_packet.sv'.
CRITICAL WARNING: [Project 1-19] Could not find the file 'C:/Users/Downloads/hdmi_working/audio_info_frame.sv'.
CRITICAL WARNING: [Project 1-19] Could not find the file 'C:/Users/Downloads/hdmi_working/audio_sample_packet.sv'.
CRITICAL WARNING: [Project 1-19] Could not find the file 'C:/Users/Downloads/hdmi_working/auxiliary_video_information_info_frame.sv'.
CRITICAL WARNING: [Project 1-19] Could not find the file 'C:/Users/Downloads/hdmi_working/console.sv'.
CRITICAL WARNING: [Project 1-19] Could not find the file 'C:/Users/Downloads/hdmi_working/glyphmap.sv'.
CRITICAL WARNING: [Project 1-19] Could not find the file 'C:/Users/Downloads/hdmi_working/hdmi.sv'.
CRITICAL WARNING: [Project 1-19] Could not find the file 'C:/Users/Downloads/hdmi_working/hdmi_top.sv'.
CRITICAL WARNING: [Project 1-19] Could not find the file 'C:/Users/Downloads/hdmi_working/packet_assembler.sv'.
CRITICAL WARNING: [Project 1-19] Could not find the file 'C:/Users/Downloads/hdmi_working/packet_picker.sv'.
CRITICAL WARNING: [Project 1-19] Could not find the file 'C:/Users/Downloads/hdmi_working/pll.sv'.
CRITICAL WARNING: [Project 1-19] Could not find the file 'C:/Users/Downloads/hdmi_working/serializer.sv'.
CRITICAL WARNING: [Project 1-19] Could not find the file 'C:/Users/Downloads/hdmi_working/source_product_description_info_frame.sv'.
CRITICAL WARNING: [Project 1-19] Could not find the file 'C:/Users/Downloads/hdmi_working/tmds_channel.sv'.
CRITICAL WARNING: [Project 1-19] Could not find the file 'C:/Users/zafranc/Downloads/DLD-Final_Project/Demo/archive_project_summary.txt'.
Scanning sources...
Finished scanning sources
INFO: [IP_Flow 19-234] Refreshing IP repositories
INFO: [IP_Flow 19-1704] No user IP repositories specified
INFO: [IP_Flow 19-2313] Loaded Vivado IP repository 'C:/Xilinx/Vivado/2020.2/data/ip'.
open_project: Time (s): cpu = 00:00:17 ; elapsed = 00:00:09 . Memory (MB): peak = 1073.867 ; gain = 0.000
update_compile_order -fileset sources_1
add_files -norecurse {C:/Users/zafranc/Downloads/DLD-Final_Project/SV/datapath.sv C:/Users/zafranc/Downloads/DLD-Final_Project/SV/lfsr.sv C:/Users/zafranc/Downloads/DLD-Final_Project/SV/fsm.sv C:/Users/zafranc/Downloads/DLD-Final_Project/SV/callTo.sv C:/Users/zafranc/Downloads/DLD-Final_Project/SV/clk_div.sv C:/Users/zafranc/Downloads/DLD-Final_Project/SV/mux.sv}
WARNING: [filemgmt 56-12] File 'C:/Users/zafranc/Downloads/DLD-Final_Project/SV/datapath.sv' cannot be added to the project because it already exists in the project, skipping this file
WARNING: [filemgmt 56-12] File 'C:/Users/zafranc/Downloads/DLD-Final_Project/SV/lfsr.sv' cannot be added to the project because it already exists in the project, skipping this file
WARNING: [filemgmt 56-12] File 'C:/Users/zafranc/Downloads/DLD-Final_Project/SV/fsm.sv' cannot be added to the project because it already exists in the project, skipping this file
WARNING: [filemgmt 56-12] File 'C:/Users/zafranc/Downloads/DLD-Final_Project/SV/callTo.sv' cannot be added to the project because it already exists in the project, skipping this file
WARNING: [filemgmt 56-12] File 'C:/Users/zafranc/Downloads/DLD-Final_Project/SV/clk_div.sv' cannot be added to the project because it already exists in the project, skipping this file
WARNING: [filemgmt 56-12] File 'C:/Users/zafranc/Downloads/DLD-Final_Project/SV/mux.sv' cannot be added to the project because it already exists in the project, skipping this file
reset_run synth_1
launch_runs synth_1 -jobs 8
[Thu May  2 15:27:31 2024] Launched synth_1...
Run output will be captured here: C:/Users/zafranc/Downloads/DLD-Final_Project/Vivado/Project/Project.runs/synth_1/runme.log
launch_runs impl_1 -jobs 8
[Thu May  2 15:29:27 2024] Launched impl_1...
Run output will be captured here: C:/Users/zafranc/Downloads/DLD-Final_Project/Vivado/Project/Project.runs/impl_1/runme.log
launch_runs impl_1 -to_step write_bitstream -jobs 8
[Thu May  2 15:30:32 2024] Launched impl_1...
Run output will be captured here: C:/Users/zafranc/Downloads/DLD-Final_Project/Vivado/Project/Project.runs/impl_1/runme.log
open_hw_manager
connect_hw_server -allow_non_jtag
INFO: [Labtools 27-2285] Connecting to hw_server url TCP:localhost:3121
INFO: [Labtools 27-2222] Launching hw_server...
INFO: [Labtools 27-2221] Launch Output:

****** Xilinx hw_server v2020.2
  **** Build date : Nov 18 2020 at 10:01:48
    ** Copyright 1986-2020 Xilinx, Inc. All Rights Reserved.


INFO: [Labtools 27-3415] Connecting to cs_server url TCP:localhost:3042
INFO: [Labtools 27-3417] Launching cs_server...
INFO: [Labtools 27-2221] Launch Output:


******** Xilinx cs_server v2020.2
  ****** Build date   : Nov 03 2020-15:02:56
    **** Build number : 2020.2.1604437376
      ** Copyright 2017-2020 Xilinx, Inc. All Rights Reserved.



connect_hw_server: Time (s): cpu = 00:00:01 ; elapsed = 00:00:08 . Memory (MB): peak = 1150.055 ; gain = 47.746
open_hw_target
INFO: [Labtoolstcl 44-466] Opening hw_target localhost:3121/xilinx_tcf/Digilent/210014B0F320A
open_hw_target: Time (s): cpu = 00:00:03 ; elapsed = 00:00:06 . Memory (MB): peak = 2689.777 ; gain = 1539.723
set_property PROGRAM.FILE {C:/Users/zafranc/Downloads/DLD-Final_Project/Vivado/Project/Project.runs/impl_1/top_demo.bit} [get_hw_devices xc7z020_1]
current_hw_device [get_hw_devices xc7z020_1]
refresh_hw_device -update_hw_probes false [lindex [get_hw_devices xc7z020_1] 0]
INFO: [Labtools 27-1434] Device xc7z020 (JTAG device index = 1) is programmed with a design that has no supported debug core(s) in it.
set_property PROBES.FILE {} [get_hw_devices xc7z020_1]
set_property FULL_PROBES.FILE {} [get_hw_devices xc7z020_1]
set_property PROGRAM.FILE {C:/Users/zafranc/Downloads/DLD-Final_Project/Vivado/Project/Project.runs/impl_1/top_demo.bit} [get_hw_devices xc7z020_1]
program_hw_devices [get_hw_devices xc7z020_1]
INFO: [Labtools 27-3164] End of startup status: HIGH
refresh_hw_device [lindex [get_hw_devices xc7z020_1] 0]
INFO: [Labtools 27-1434] Device xc7z020 (JTAG device index = 1) is programmed with a design that has no supported debug core(s) in it.
reset_run synth_1
WARNING: [Vivado 12-1017] Problems encountered:
1. Failed to delete one or more files in run directory C:/Users/zafranc/Downloads/DLD-Final_Project/Vivado/Project/Project.runs/synth_1

launch_runs synth_1 -jobs 8
[Thu May  2 15:42:52 2024] Launched synth_1...
Run output will be captured here: C:/Users/zafranc/Downloads/DLD-Final_Project/Vivado/Project/Project.runs/synth_1/runme.log
launch_runs impl_1 -jobs 8
[Thu May  2 15:44:35 2024] Launched impl_1...
Run output will be captured here: C:/Users/zafranc/Downloads/DLD-Final_Project/Vivado/Project/Project.runs/impl_1/runme.log
launch_runs impl_1 -to_step write_bitstream -jobs 8
[Thu May  2 15:45:40 2024] Launched impl_1...
Run output will be captured here: C:/Users/zafranc/Downloads/DLD-Final_Project/Vivado/Project/Project.runs/impl_1/runme.log
set_property PROBES.FILE {} [get_hw_devices xc7z020_1]
set_property FULL_PROBES.FILE {} [get_hw_devices xc7z020_1]
set_property PROGRAM.FILE {C:/Users/zafranc/Downloads/DLD-Final_Project/Vivado/Project/Project.runs/impl_1/top_demo.bit} [get_hw_devices xc7z020_1]
program_hw_devices [get_hw_devices xc7z020_1]
INFO: [Labtools 27-3164] End of startup status: HIGH
refresh_hw_device [lindex [get_hw_devices xc7z020_1] 0]
INFO: [Labtools 27-1434] Device xc7z020 (JTAG device index = 1) is programmed with a design that has no supported debug core(s) in it.
reset_run synth_1
WARNING: [Vivado 12-1017] Problems encountered:
1. Failed to delete one or more files in run directory C:/Users/zafranc/Downloads/DLD-Final_Project/Vivado/Project/Project.runs/synth_1

launch_runs synth_1 -jobs 8
[Thu May  2 15:49:00 2024] Launched synth_1...
Run output will be captured here: C:/Users/zafranc/Downloads/DLD-Final_Project/Vivado/Project/Project.runs/synth_1/runme.log
launch_runs impl_1 -jobs 8
[Thu May  2 15:50:05 2024] Launched impl_1...
Run output will be captured here: C:/Users/zafranc/Downloads/DLD-Final_Project/Vivado/Project/Project.runs/impl_1/runme.log
launch_runs impl_1 -to_step write_bitstream -jobs 8
[Thu May  2 15:51:36 2024] Launched impl_1...
Run output will be captured here: C:/Users/zafranc/Downloads/DLD-Final_Project/Vivado/Project/Project.runs/impl_1/runme.log
set_property PROBES.FILE {} [get_hw_devices xc7z020_1]
set_property FULL_PROBES.FILE {} [get_hw_devices xc7z020_1]
set_property PROGRAM.FILE {C:/Users/zafranc/Downloads/DLD-Final_Project/Vivado/Project/Project.runs/impl_1/top_demo.bit} [get_hw_devices xc7z020_1]
program_hw_devices [get_hw_devices xc7z020_1]
INFO: [Labtools 27-3164] End of startup status: HIGH
refresh_hw_device [lindex [get_hw_devices xc7z020_1] 0]
INFO: [Labtools 27-1434] Device xc7z020 (JTAG device index = 1) is programmed with a design that has no supported debug core(s) in it.
reset_run synth_1
WARNING: [Vivado 12-1017] Problems encountered:
1. Failed to delete one or more files in run directory C:/Users/zafranc/Downloads/DLD-Final_Project/Vivado/Project/Project.runs/synth_1

launch_runs synth_1 -jobs 8
CRITICAL WARNING: [HDL 9-806] Syntax error near "endmodule". [C:/Users/zafranc/Downloads/DLD-Final_Project/Vivado/Project/Project.srcs/sources_1/new/top_demo.sv:126]
[Thu May  2 16:00:14 2024] Launched synth_1...
Run output will be captured here: C:/Users/zafranc/Downloads/DLD-Final_Project/Vivado/Project/Project.runs/synth_1/runme.log
reset_run synth_1
WARNING: [Vivado 12-1017] Problems encountered:
1. Failed to delete one or more files in run directory C:/Users/zafranc/Downloads/DLD-Final_Project/Vivado/Project/Project.runs/synth_1

launch_runs synth_1 -jobs 8
[Thu May  2 16:05:46 2024] Launched synth_1...
Run output will be captured here: C:/Users/zafranc/Downloads/DLD-Final_Project/Vivado/Project/Project.runs/synth_1/runme.log
launch_runs impl_1 -jobs 8
[Thu May  2 16:06:55 2024] Launched impl_1...
Run output will be captured here: C:/Users/zafranc/Downloads/DLD-Final_Project/Vivado/Project/Project.runs/impl_1/runme.log
reset_run synth_1
WARNING: [Vivado 12-1017] Problems encountered:
1. Failed to delete one or more files in run directory C:/Users/zafranc/Downloads/DLD-Final_Project/Vivado/Project/Project.runs/synth_1

launch_runs synth_1 -jobs 8
[Thu May  2 16:08:44 2024] Launched synth_1...
Run output will be captured here: C:/Users/zafranc/Downloads/DLD-Final_Project/Vivado/Project/Project.runs/synth_1/runme.log
launch_runs impl_1 -jobs 8
[Thu May  2 16:09:50 2024] Launched impl_1...
Run output will be captured here: C:/Users/zafranc/Downloads/DLD-Final_Project/Vivado/Project/Project.runs/impl_1/runme.log
reset_run synth_1
WARNING: [Vivado 12-1017] Problems encountered:
1. Failed to delete one or more files in run directory C:/Users/zafranc/Downloads/DLD-Final_Project/Vivado/Project/Project.runs/synth_1

launch_runs synth_1 -jobs 8
[Thu May  2 16:12:09 2024] Launched synth_1...
Run output will be captured here: C:/Users/zafranc/Downloads/DLD-Final_Project/Vivado/Project/Project.runs/synth_1/runme.log
launch_runs impl_1 -jobs 8
[Thu May  2 16:13:28 2024] Launched impl_1...
Run output will be captured here: C:/Users/zafranc/Downloads/DLD-Final_Project/Vivado/Project/Project.runs/impl_1/runme.log
launch_runs impl_1 -to_step write_bitstream -jobs 8
[Thu May  2 16:14:33 2024] Launched impl_1...
Run output will be captured here: C:/Users/zafranc/Downloads/DLD-Final_Project/Vivado/Project/Project.runs/impl_1/runme.log
set_property PROBES.FILE {} [get_hw_devices xc7z020_1]
set_property FULL_PROBES.FILE {} [get_hw_devices xc7z020_1]
set_property PROGRAM.FILE {C:/Users/zafranc/Downloads/DLD-Final_Project/Vivado/Project/Project.runs/impl_1/top_demo.bit} [get_hw_devices xc7z020_1]
program_hw_devices [get_hw_devices xc7z020_1]
INFO: [Labtools 27-3164] End of startup status: HIGH
refresh_hw_device [lindex [get_hw_devices xc7z020_1] 0]
INFO: [Labtools 27-1434] Device xc7z020 (JTAG device index = 1) is programmed with a design that has no supported debug core(s) in it.
reset_run synth_1
WARNING: [Vivado 12-1017] Problems encountered:
1. Failed to delete one or more files in run directory C:/Users/zafranc/Downloads/DLD-Final_Project/Vivado/Project/Project.runs/synth_1

launch_runs synth_1 -jobs 8
[Thu May  2 16:17:33 2024] Launched synth_1...
Run output will be captured here: C:/Users/zafranc/Downloads/DLD-Final_Project/Vivado/Project/Project.runs/synth_1/runme.log
launch_runs impl_1 -jobs 8
[Thu May  2 16:18:44 2024] Launched impl_1...
Run output will be captured here: C:/Users/zafranc/Downloads/DLD-Final_Project/Vivado/Project/Project.runs/impl_1/runme.log
launch_runs impl_1 -to_step write_bitstream -jobs 8
[Thu May  2 16:19:46 2024] Launched impl_1...
Run output will be captured here: C:/Users/zafranc/Downloads/DLD-Final_Project/Vivado/Project/Project.runs/impl_1/runme.log
set_property PROBES.FILE {} [get_hw_devices xc7z020_1]
set_property FULL_PROBES.FILE {} [get_hw_devices xc7z020_1]
set_property PROGRAM.FILE {C:/Users/zafranc/Downloads/DLD-Final_Project/Vivado/Project/Project.runs/impl_1/top_demo.bit} [get_hw_devices xc7z020_1]
program_hw_devices [get_hw_devices xc7z020_1]
INFO: [Labtools 27-3164] End of startup status: HIGH
refresh_hw_device [lindex [get_hw_devices xc7z020_1] 0]
INFO: [Labtools 27-1434] Device xc7z020 (JTAG device index = 1) is programmed with a design that has no supported debug core(s) in it.
reset_run synth_1
WARNING: [Vivado 12-1017] Problems encountered:
1. Failed to delete one or more files in run directory C:/Users/zafranc/Downloads/DLD-Final_Project/Vivado/Project/Project.runs/synth_1

launch_runs synth_1 -jobs 8
[Thu May  2 16:41:26 2024] Launched synth_1...
Run output will be captured here: C:/Users/zafranc/Downloads/DLD-Final_Project/Vivado/Project/Project.runs/synth_1/runme.log
launch_runs impl_1 -jobs 8
[Thu May  2 16:43:39 2024] Launched impl_1...
Run output will be captured here: C:/Users/zafranc/Downloads/DLD-Final_Project/Vivado/Project/Project.runs/impl_1/runme.log
launch_runs impl_1 -to_step write_bitstream -jobs 8
[Thu May  2 16:44:44 2024] Launched impl_1...
Run output will be captured here: C:/Users/zafranc/Downloads/DLD-Final_Project/Vivado/Project/Project.runs/impl_1/runme.log
set_property PROBES.FILE {} [get_hw_devices xc7z020_1]
set_property FULL_PROBES.FILE {} [get_hw_devices xc7z020_1]
set_property PROGRAM.FILE {C:/Users/zafranc/Downloads/DLD-Final_Project/Vivado/Project/Project.runs/impl_1/top_demo.bit} [get_hw_devices xc7z020_1]
program_hw_devices [get_hw_devices xc7z020_1]
INFO: [Labtools 27-3164] End of startup status: HIGH
refresh_hw_device [lindex [get_hw_devices xc7z020_1] 0]
INFO: [Labtools 27-1434] Device xc7z020 (JTAG device index = 1) is programmed with a design that has no supported debug core(s) in it.
reset_run synth_1
WARNING: [Vivado 12-1017] Problems encountered:
1. Failed to delete one or more files in run directory C:/Users/zafranc/Downloads/DLD-Final_Project/Vivado/Project/Project.runs/synth_1

launch_runs synth_1 -jobs 8
[Thu May  2 16:53:35 2024] Launched synth_1...
Run output will be captured here: C:/Users/zafranc/Downloads/DLD-Final_Project/Vivado/Project/Project.runs/synth_1/runme.log
launch_runs impl_1 -jobs 8
[Thu May  2 16:54:43 2024] Launched impl_1...
Run output will be captured here: C:/Users/zafranc/Downloads/DLD-Final_Project/Vivado/Project/Project.runs/impl_1/runme.log
launch_runs impl_1 -to_step write_bitstream -jobs 8
[Thu May  2 16:55:46 2024] Launched impl_1...
Run output will be captured here: C:/Users/zafranc/Downloads/DLD-Final_Project/Vivado/Project/Project.runs/impl_1/runme.log
set_property PROBES.FILE {} [get_hw_devices xc7z020_1]
set_property FULL_PROBES.FILE {} [get_hw_devices xc7z020_1]
set_property PROGRAM.FILE {C:/Users/zafranc/Downloads/DLD-Final_Project/Vivado/Project/Project.runs/impl_1/top_demo.bit} [get_hw_devices xc7z020_1]
program_hw_devices [get_hw_devices xc7z020_1]
INFO: [Labtools 27-3164] End of startup status: HIGH
refresh_hw_device [lindex [get_hw_devices xc7z020_1] 0]
INFO: [Labtools 27-1434] Device xc7z020 (JTAG device index = 1) is programmed with a design that has no supported debug core(s) in it.
exit
INFO: [Common 17-206] Exiting Vivado at Thu May  2 16:57:44 2024...
