0 0000000000000000000000000000000000000000000000000000000000000010
0 0000000000000000000000000000000000000000000000000000000000000100
0 0000000000000000000000000000000000000000000000000000000000001000
0 0000000000000000000000000000000000000000000000000000000000010000
0 0000000000000000000000000000000000000000000000000000000000100000
0 0000000000000000000000000000000000000000000000000000000001000000
0 0000000000000000000000000000000000000000000000000000000010000000
0 0000000000000000000000000000000000000000000000000000000100000000
0 0000000000000000000000000000000000000000000000000000001000000000
0 0000000000000000000000000000000000000000000000000000010000000000
0 0000000000000000000000000000000000000000000000000000100000000000
0 0000000000000000000000000000000000000000000000000001000000000000
0 0000000000000000000000000000000000000000000000000010000000000000
0 0000000000000000000000000000000000000000000000000100000000000000
0 0000000000000000000000000000000000000000000000001000000000000000
0 0000000000000000000000000000000000000000000000010000000000000000
0 0000000000000000000000000000000000000000000000100000000000000000
0 0000000000000000000000000000000000000000000001000000000000000000
0 0000000000000000000000000000000000000000000010000000000000000000
0 0000000000000000000000000000000000000000000100000000000000000000
0 0000000000000000000000000000000000000000001000000000000000000000
0 0000000000000000000000000000000000000000010000000000000000000000
0 0000000000000000000000000000000000000000100000000000000000000000
0 0000000000000000000000000000000000000001000000000000000000000000
0 0000000000000000000000000000000000000010000000000000000000000000
0 0000000000000000000000000000000000000100000000000000000000000000
0 0000000000000000000000000000000000001000000000000000000000000000
0 0000000000000000000000000000000000010000000000000000000000000000
0 0000000000000000000000000000000000100000000000000000000000000000
0 0000000000000000000000000000000001000000000000000000000000000000
0 0000000000000000000000000000000010000000000000000000000000000000
0 0000000000000000000000000000000100000000000000000000000000000000
0 0000000000000000000000000000001000000000000000000000000000000000
0 0000000000000000000000000000010000000000000000000000000000000000
0 0000000000000000000000000000100000000000000000000000000000000000
0 0000000000000000000000000001000000000000000000000000000000000000
0 0000000000000000000000000010000000000000000000000000000000000000
0 0000000000000000000000000100000000000000000000000000000000000000
0 0000000000000000000000001000000000000000000000000000000000000000
0 0000000000000000000000010000000000000000000000000000000000000000
0 0000000000000000000000100000000000000000000000000000000000000000
0 0000000000000000000001000000000000000000000000000000000000000000
0 0000000000000000000010000000000000000000000000000000000000000000
0 0000000000000000000100000000000000000000000000000000000000000000
0 0000000000000000001000000000000000000000000000000000000000000000
0 0000000000000000010000000000000000000000000000000000000000000000
0 0000000000000000100000000000000000000000000000000000000000000000
0 0000000000000001000000000000000000000000000000000000000000000000
0 0000000000000010000000000000000000000000000000000000000000000000
0 0000000000000100000000000000000000000000000000000000000000000000
0 0000000000001000000000000000000000000000000000000000000000000000
0 0000000000010000000000000000000000000000000000000000000000000000
0 0000000000100000000000000000000000000000000000000000000000000000
0 0000000001000000000000000000000000000000000000000000000000000000
0 0000000010000000000000000000000000000000000000000000000000000000
0 0000000100000000000000000000000000000000000000000000000000000000
0 0000001000000000000000000000000000000000000000000000000000000000
0 0000010000000000000000000000000000000000000000000000000000000000
0 0000100000000000000000000000000000000000000000000000000000000001
0 0001000000000000000000000000000000000000000000000000000000000011
0 0010000000000000000000000000000000000000000000000000000000000110
0 0100000000000000000000000000000000000000000000000000000000001101
0 1000000000000000000000000000000000000000000000000000000000011010
0 0000000000000000000000000000000000000000000000000000000000110101
0 0000000000000000000000000000000000000000000000000000000001101010
0 0000000000000000000000000000000000000000000000000000000011010100
0 0000000000000000000000000000000000000000000000000000000110101000
0 0000000000000000000000000000000000000000000000000000001101010000
0 0000000000000000000000000000000000000000000000000000011010100000
0 0000000000000000000000000000000000000000000000000000110101000000
0 0000000000000000000000000000000000000000000000000001101010000000
0 0000000000000000000000000000000000000000000000000011010100000000
0 0000000000000000000000000000000000000000000000000110101000000000
0 0000000000000000000000000000000000000000000000001101010000000000
0 0000000000000000000000000000000000000000000000011010100000000000
0 0000000000000000000000000000000000000000000000110101000000000000
0 0000000000000000000000000000000000000000000001101010000000000000
0 0000000000000000000000000000000000000000000011010100000000000000
0 0000000000000000000000000000000000000000000110101000000000000000
0 0000000000000000000000000000000000000000001101010000000000000000
0 0000000000000000000000000000000000000000011010100000000000000000
0 0000000000000000000000000000000000000000110101000000000000000000
0 0000000000000000000000000000000000000001101010000000000000000000
0 0000000000000000000000000000000000000011010100000000000000000000
0 0000000000000000000000000000000000000110101000000000000000000000
0 0000000000000000000000000000000000001101010000000000000000000000
0 0000000000000000000000000000000000011010100000000000000000000000
0 0000000000000000000000000000000000110101000000000000000000000000
0 0000000000000000000000000000000001101010000000000000000000000000
0 0000000000000000000000000000000011010100000000000000000000000000
0 0000000000000000000000000000000110101000000000000000000000000000
0 0000000000000000000000000000001101010000000000000000000000000000
0 0000000000000000000000000000011010100000000000000000000000000000
0 0000000000000000000000000000110101000000000000000000000000000000
0 0000000000000000000000000001101010000000000000000000000000000000
0 0000000000000000000000000011010100000000000000000000000000000000
0 0000000000000000000000000110101000000000000000000000000000000000
0 0000000000000000000000001101010000000000000000000000000000000000
0 0000000000000000000000011010100000000000000000000000000000000000
0 0000000000000000000000110101000000000000000000000000000000000000
0 0000000000000000000001101010000000000000000000000000000000000000
0 0000000000000000000011010100000000000000000000000000000000000000
0 0000000000000000000110101000000000000000000000000000000000000000
0 0000000000000000001101010000000000000000000000000000000000000000
0 0000000000000000011010100000000000000000000000000000000000000000
0 0000000000000000110101000000000000000000000000000000000000000000
0 0000000000000001101010000000000000000000000000000000000000000000
0 0000000000000011010100000000000000000000000000000000000000000000
0 0000000000000110101000000000000000000000000000000000000000000000
0 0000000000001101010000000000000000000000000000000000000000000000
0 0000000000011010100000000000000000000000000000000000000000000000
0 0000000000110101000000000000000000000000000000000000000000000000
0 0000000001101010000000000000000000000000000000000000000000000000
0 0000000011010100000000000000000000000000000000000000000000000000
0 0000000110101000000000000000000000000000000000000000000000000000
0 0000001101010000000000000000000000000000000000000000000000000000
0 0000011010100000000000000000000000000000000000000000000000000000
0 0000110101000000000000000000000000000000000000000000000000000001
0 0001101010000000000000000000000000000000000000000000000000000010
0 0011010100000000000000000000000000000000000000000000000000000101
0 0110101000000000000000000000000000000000000000000000000000001010
0 1101010000000000000000000000000000000000000000000000000000010100
0 1010100000000000000000000000000000000000000000000000000000101000
0 0101000000000000000000000000000000000000000000000000000001010001
0 1010000000000000000000000000000000000000000000000000000010100010
0 0100000000000000000000000000000000000000000000000000000101000100
0 1000000000000000000000000000000000000000000000000000001010001000
0 0000000000000000000000000000000000000000000000000000010100010001
0 0000000000000000000000000000000000000000000000000000101000100010
0 0000000000000000000000000000000000000000000000000001010001000100
0 0000000000000000000000000000000000000000000000000010100010001000
0 0000000000000000000000000000000000000000000000000101000100010000
0 0000000000000000000000000000000000000000000000001010001000100000
0 0000000000000000000000000000000000000000000000010100010001000000
0 0000000000000000000000000000000000000000000000101000100010000000
0 0000000000000000000000000000000000000000000001010001000100000000
0 0000000000000000000000000000000000000000000010100010001000000000
0 0000000000000000000000000000000000000000000101000100010000000000
0 0000000000000000000000000000000000000000001010001000100000000000
0 0000000000000000000000000000000000000000010100010001000000000000
0 0000000000000000000000000000000000000000101000100010000000000000
0 0000000000000000000000000000000000000001010001000100000000000000
0 0000000000000000000000000000000000000010100010001000000000000000
0 0000000000000000000000000000000000000101000100010000000000000000
0 0000000000000000000000000000000000001010001000100000000000000000
0 0000000000000000000000000000000000010100010001000000000000000000
0 0000000000000000000000000000000000101000100010000000000000000000
0 0000000000000000000000000000000001010001000100000000000000000000
0 0000000000000000000000000000000010100010001000000000000000000000
0 0000000000000000000000000000000101000100010000000000000000000000
0 0000000000000000000000000000001010001000100000000000000000000000
0 0000000000000000000000000000010100010001000000000000000000000000
0 0000000000000000000000000000101000100010000000000000000000000000
0 0000000000000000000000000001010001000100000000000000000000000000
0 0000000000000000000000000010100010001000000000000000000000000000
0 0000000000000000000000000101000100010000000000000000000000000000
0 0000000000000000000000001010001000100000000000000000000000000000
0 0000000000000000000000010100010001000000000000000000000000000000
0 0000000000000000000000101000100010000000000000000000000000000000
0 0000000000000000000001010001000100000000000000000000000000000000
0 0000000000000000000010100010001000000000000000000000000000000000
0 0000000000000000000101000100010000000000000000000000000000000000
0 0000000000000000001010001000100000000000000000000000000000000000
0 0000000000000000010100010001000000000000000000000000000000000000
0 0000000000000000101000100010000000000000000000000000000000000000
0 0000000000000001010001000100000000000000000000000000000000000000
0 0000000000000010100010001000000000000000000000000000000000000000
0 0000000000000101000100010000000000000000000000000000000000000000
0 0000000000001010001000100000000000000000000000000000000000000000
0 0000000000010100010001000000000000000000000000000000000000000000
0 0000000000101000100010000000000000000000000000000000000000000000
0 0000000001010001000100000000000000000000000000000000000000000000
0 0000000010100010001000000000000000000000000000000000000000000000
0 0000000101000100010000000000000000000000000000000000000000000000
0 0000001010001000100000000000000000000000000000000000000000000000
0 0000010100010001000000000000000000000000000000000000000000000000
0 0000101000100010000000000000000000000000000000000000000000000001
0 0001010001000100000000000000000000000000000000000000000000000011
0 0010100010001000000000000000000000000000000000000000000000000111
0 0101000100010000000000000000000000000000000000000000000000001110
0 1010001000100000000000000000000000000000000000000000000000011100
0 0100010001000000000000000000000000000000000000000000000000111000
0 1000100010000000000000000000000000000000000000000000000001110001
0 0001000100000000000000000000000000000000000000000000000011100010
0 0010001000000000000000000000000000000000000000000000000111000100
0 0100010000000000000000000000000000000000000000000000001110001001
0 1000100000000000000000000000000000000000000000000000011100010011
0 0001000000000000000000000000000000000000000000000000111000100110
0 0010000000000000000000000000000000000000000000000001110001001100
0 0100000000000000000000000000000000000000000000000011100010011001
0 1000000000000000000000000000000000000000000000000111000100110010
0 0000000000000000000000000000000000000000000000001110001001100101
0 0000000000000000000000000000000000000000000000011100010011001010
0 0000000000000000000000000000000000000000000000111000100110010100
0 0000000000000000000000000000000000000000000001110001001100101000
0 0000000000000000000000000000000000000000000011100010011001010000
0 0000000000000000000000000000000000000000000111000100110010100000
0 0000000000000000000000000000000000000000001110001001100101000000
0 0000000000000000000000000000000000000000011100010011001010000000
0 0000000000000000000000000000000000000000111000100110010100000000
0 0000000000000000000000000000000000000001110001001100101000000000
0 0000000000000000000000000000000000000011100010011001010000000000
0 0000000000000000000000000000000000000111000100110010100000000000
0 0000000000000000000000000000000000001110001001100101000000000000
0 0000000000000000000000000000000000011100010011001010000000000000
0 0000000000000000000000000000000000111000100110010100000000000000
0 0000000000000000000000000000000001110001001100101000000000000000
0 0000000000000000000000000000000011100010011001010000000000000000
0 0000000000000000000000000000000111000100110010100000000000000000
0 0000000000000000000000000000001110001001100101000000000000000000
0 0000000000000000000000000000011100010011001010000000000000000000
0 0000000000000000000000000000111000100110010100000000000000000000
0 0000000000000000000000000001110001001100101000000000000000000000
0 0000000000000000000000000011100010011001010000000000000000000000
0 0000000000000000000000000111000100110010100000000000000000000000
0 0000000000000000000000001110001001100101000000000000000000000000
0 0000000000000000000000011100010011001010000000000000000000000000
0 0000000000000000000000111000100110010100000000000000000000000000
0 0000000000000000000001110001001100101000000000000000000000000000
0 0000000000000000000011100010011001010000000000000000000000000000
0 0000000000000000000111000100110010100000000000000000000000000000
0 0000000000000000001110001001100101000000000000000000000000000000
0 0000000000000000011100010011001010000000000000000000000000000000
0 0000000000000000111000100110010100000000000000000000000000000000
0 0000000000000001110001001100101000000000000000000000000000000000
0 0000000000000011100010011001010000000000000000000000000000000000
0 0000000000000111000100110010100000000000000000000000000000000000
0 0000000000001110001001100101000000000000000000000000000000000000
0 0000000000011100010011001010000000000000000000000000000000000000
0 0000000000111000100110010100000000000000000000000000000000000000
0 0000000001110001001100101000000000000000000000000000000000000000
0 0000000011100010011001010000000000000000000000000000000000000000
0 0000000111000100110010100000000000000000000000000000000000000000
0 0000001110001001100101000000000000000000000000000000000000000000
0 0000011100010011001010000000000000000000000000000000000000000000
0 0000111000100110010100000000000000000000000000000000000000000001
0 0001110001001100101000000000000000000000000000000000000000000010
0 0011100010011001010000000000000000000000000000000000000000000100
0 0111000100110010100000000000000000000000000000000000000000001000
0 1110001001100101000000000000000000000000000000000000000000010001
0 1100010011001010000000000000000000000000000000000000000000100010
0 1000100110010100000000000000000000000000000000000000000001000100
0 0001001100101000000000000000000000000000000000000000000010001000
0 0010011001010000000000000000000000000000000000000000000100010000
0 0100110010100000000000000000000000000000000000000000001000100000
0 1001100101000000000000000000000000000000000000000000010001000000
0 0011001010000000000000000000000000000000000000000000100010000000
0 0110010100000000000000000000000000000000000000000001000100000001
0 1100101000000000000000000000000000000000000000000010001000000010
0 1001010000000000000000000000000000000000000000000100010000000100
0 0010100000000000000000000000000000000000000000001000100000001000
0 0101000000000000000000000000000000000000000000010001000000010000
0 1010000000000000000000000000000000000000000000100010000000100000
0 0100000000000000000000000000000000000000000001000100000001000000
0 1000000000000000000000000000000000000000000010001000000010000000
0 0000000000000000000000000000000000000000000100010000000100000001
0 0000000000000000000000000000000000000000001000100000001000000010
0 0000000000000000000000000000000000000000010001000000010000000100
0 0000000000000000000000000000000000000000100010000000100000001000
0 0000000000000000000000000000000000000001000100000001000000010000
0 0000000000000000000000000000000000000010001000000010000000100000
0 0000000000000000000000000000000000000100010000000100000001000000
0 0000000000000000000000000000000000001000100000001000000010000000
0 0000000000000000000000000000000000010001000000010000000100000000
0 0000000000000000000000000000000000100010000000100000001000000000
0 0000000000000000000000000000000001000100000001000000010000000000
0 0000000000000000000000000000000010001000000010000000100000000000
0 0000000000000000000000000000000100010000000100000001000000000000
0 0000000000000000000000000000001000100000001000000010000000000000
0 0000000000000000000000000000010001000000010000000100000000000000
0 0000000000000000000000000000100010000000100000001000000000000000
0 0000000000000000000000000001000100000001000000010000000000000000
0 0000000000000000000000000010001000000010000000100000000000000000
0 0000000000000000000000000100010000000100000001000000000000000000
0 0000000000000000000000001000100000001000000010000000000000000000
0 0000000000000000000000010001000000010000000100000000000000000000
0 0000000000000000000000100010000000100000001000000000000000000000
0 0000000000000000000001000100000001000000010000000000000000000000
0 0000000000000000000010001000000010000000100000000000000000000000
0 0000000000000000000100010000000100000001000000000000000000000000
0 0000000000000000001000100000001000000010000000000000000000000000
0 0000000000000000010001000000010000000100000000000000000000000000
0 0000000000000000100010000000100000001000000000000000000000000000
0 0000000000000001000100000001000000010000000000000000000000000000
0 0000000000000010001000000010000000100000000000000000000000000000
0 0000000000000100010000000100000001000000000000000000000000000000
0 0000000000001000100000001000000010000000000000000000000000000000
0 0000000000010001000000010000000100000000000000000000000000000000
0 0000000000100010000000100000001000000000000000000000000000000000
0 0000000001000100000001000000010000000000000000000000000000000000
0 0000000010001000000010000000100000000000000000000000000000000000
0 0000000100010000000100000001000000000000000000000000000000000000
0 0000001000100000001000000010000000000000000000000000000000000000
0 0000010001000000010000000100000000000000000000000000000000000000
0 0000100010000000100000001000000000000000000000000000000000000001
0 0001000100000001000000010000000000000000000000000000000000000011
0 0010001000000010000000100000000000000000000000000000000000000110
0 0100010000000100000001000000000000000000000000000000000000001101
0 1000100000001000000010000000000000000000000000000000000000011011
0 0001000000010000000100000000000000000000000000000000000000110110
0 0010000000100000001000000000000000000000000000000000000001101100
0 0100000001000000010000000000000000000000000000000000000011011001
0 1000000010000000100000000000000000000000000000000000000110110010
0 0000000100000001000000000000000000000000000000000000001101100101
0 0000001000000010000000000000000000000000000000000000011011001010
0 0000010000000100000000000000000000000000000000000000110110010100
0 0000100000001000000000000000000000000000000000000001101100101001
0 0001000000010000000000000000000000000000000000000011011001010011
0 0010000000100000000000000000000000000000000000000110110010100110
0 0100000001000000000000000000000000000000000000001101100101001101
0 1000000010000000000000000000000000000000000000011011001010011010
0 0000000100000000000000000000000000000000000000110110010100110101
0 0000001000000000000000000000000000000000000001101100101001101010
0 0000010000000000000000000000000000000000000011011001010011010100
0 0000100000000000000000000000000000000000000110110010100110101001
0 0001000000000000000000000000000000000000001101100101001101010011
0 0010000000000000000000000000000000000000011011001010011010100110
0 0100000000000000000000000000000000000000110110010100110101001101
0 1000000000000000000000000000000000000001101100101001101010011010
0 0000000000000000000000000000000000000011011001010011010100110101
0 0000000000000000000000000000000000000110110010100110101001101010
0 0000000000000000000000000000000000001101100101001101010011010100
0 0000000000000000000000000000000000011011001010011010100110101000
0 0000000000000000000000000000000000110110010100110101001101010000
0 0000000000000000000000000000000001101100101001101010011010100000
0 0000000000000000000000000000000011011001010011010100110101000000
0 0000000000000000000000000000000110110010100110101001101010000000
0 0000000000000000000000000000001101100101001101010011010100000000
0 0000000000000000000000000000011011001010011010100110101000000000
0 0000000000000000000000000000110110010100110101001101010000000000
0 0000000000000000000000000001101100101001101010011010100000000000
0 0000000000000000000000000011011001010011010100110101000000000000
0 0000000000000000000000000110110010100110101001101010000000000000
0 0000000000000000000000001101100101001101010011010100000000000000
0 0000000000000000000000011011001010011010100110101000000000000000
0 0000000000000000000000110110010100110101001101010000000000000000
0 0000000000000000000001101100101001101010011010100000000000000000
0 0000000000000000000011011001010011010100110101000000000000000000
0 0000000000000000000110110010100110101001101010000000000000000000
0 0000000000000000001101100101001101010011010100000000000000000000
0 0000000000000000011011001010011010100110101000000000000000000000
0 0000000000000000110110010100110101001101010000000000000000000000
0 0000000000000001101100101001101010011010100000000000000000000000
0 0000000000000011011001010011010100110101000000000000000000000000
0 0000000000000110110010100110101001101010000000000000000000000000
0 0000000000001101100101001101010011010100000000000000000000000000
0 0000000000011011001010011010100110101000000000000000000000000000
0 0000000000110110010100110101001101010000000000000000000000000000
0 0000000001101100101001101010011010100000000000000000000000000000
0 0000000011011001010011010100110101000000000000000000000000000000
0 0000000110110010100110101001101010000000000000000000000000000000
0 0000001101100101001101010011010100000000000000000000000000000000
0 0000011011001010011010100110101000000000000000000000000000000000
0 0000110110010100110101001101010000000000000000000000000000000001
0 0001101100101001101010011010100000000000000000000000000000000010
0 0011011001010011010100110101000000000000000000000000000000000101
0 0110110010100110101001101010000000000000000000000000000000001010
0 1101100101001101010011010100000000000000000000000000000000010101
0 1011001010011010100110101000000000000000000000000000000000101010
0 0110010100110101001101010000000000000000000000000000000001010100
0 1100101001101010011010100000000000000000000000000000000010101000
0 1001010011010100110101000000000000000000000000000000000101010000
0 0010100110101001101010000000000000000000000000000000001010100000
0 0101001101010011010100000000000000000000000000000000010101000000
0 1010011010100110101000000000000000000000000000000000101010000000
0 0100110101001101010000000000000000000000000000000001010100000001
0 1001101010011010100000000000000000000000000000000010101000000010
0 0011010100110101000000000000000000000000000000000101010000000100
0 0110101001101010000000000000000000000000000000001010100000001000
0 1101010011010100000000000000000000000000000000010101000000010000
0 1010100110101000000000000000000000000000000000101010000000100000
0 0101001101010000000000000000000000000000000001010100000001000001
0 1010011010100000000000000000000000000000000010101000000010000010
0 0100110101000000000000000000000000000000000101010000000100000101
0 1001101010000000000000000000000000000000001010100000001000001010
0 0011010100000000000000000000000000000000010101000000010000010100
0 0110101000000000000000000000000000000000101010000000100000101000
0 1101010000000000000000000000000000000001010100000001000001010000
0 1010100000000000000000000000000000000010101000000010000010100000
0 0101000000000000000000000000000000000101010000000100000101000001
0 1010000000000000000000000000000000001010100000001000001010000010
0 0100000000000000000000000000000000010101000000010000010100000100
0 1000000000000000000000000000000000101010000000100000101000001000
0 0000000000000000000000000000000001010100000001000001010000010001
0 0000000000000000000000000000000010101000000010000010100000100010
0 0000000000000000000000000000000101010000000100000101000001000100
0 0000000000000000000000000000001010100000001000001010000010001000
0 0000000000000000000000000000010101000000010000010100000100010000
0 0000000000000000000000000000101010000000100000101000001000100000
0 0000000000000000000000000001010100000001000001010000010001000000
0 0000000000000000000000000010101000000010000010100000100010000000
0 0000000000000000000000000101010000000100000101000001000100000000
0 0000000000000000000000001010100000001000001010000010001000000000
0 0000000000000000000000010101000000010000010100000100010000000000
0 0000000000000000000000101010000000100000101000001000100000000000
0 0000000000000000000001010100000001000001010000010001000000000000
0 0000000000000000000010101000000010000010100000100010000000000000
0 0000000000000000000101010000000100000101000001000100000000000000
0 0000000000000000001010100000001000001010000010001000000000000000
0 0000000000000000010101000000010000010100000100010000000000000000
0 0000000000000000101010000000100000101000001000100000000000000000
0 0000000000000001010100000001000001010000010001000000000000000000
0 0000000000000010101000000010000010100000100010000000000000000000
0 0000000000000101010000000100000101000001000100000000000000000000
0 0000000000001010100000001000001010000010001000000000000000000000
0 0000000000010101000000010000010100000100010000000000000000000000
0 0000000000101010000000100000101000001000100000000000000000000000
0 0000000001010100000001000001010000010001000000000000000000000000
0 0000000010101000000010000010100000100010000000000000000000000000
0 0000000101010000000100000101000001000100000000000000000000000000
0 0000001010100000001000001010000010001000000000000000000000000000
0 0000010101000000010000010100000100010000000000000000000000000000
0 0000101010000000100000101000001000100000000000000000000000000001
0 0001010100000001000001010000010001000000000000000000000000000011
0 0010101000000010000010100000100010000000000000000000000000000111
0 0101010000000100000101000001000100000000000000000000000000001110
0 1010100000001000001010000010001000000000000000000000000000011101
0 0101000000010000010100000100010000000000000000000000000000111011
0 1010000000100000101000001000100000000000000000000000000001110110
0 0100000001000001010000010001000000000000000000000000000011101100
0 1000000010000010100000100010000000000000000000000000000111011000
0 0000000100000101000001000100000000000000000000000000001110110001
0 0000001000001010000010001000000000000000000000000000011101100010
0 0000010000010100000100010000000000000000000000000000111011000100
0 0000100000101000001000100000000000000000000000000001110110001001
0 0001000001010000010001000000000000000000000000000011101100010011
0 0010000010100000100010000000000000000000000000000111011000100110
0 0100000101000001000100000000000000000000000000001110110001001101
0 1000001010000010001000000000000000000000000000011101100010011010
0 0000010100000100010000000000000000000000000000111011000100110101
0 0000101000001000100000000000000000000000000001110110001001101011
0 0001010000010001000000000000000000000000000011101100010011010111
0 0010100000100010000000000000000000000000000111011000100110101111
0 0101000001000100000000000000000000000000001110110001001101011110
0 1010000010001000000000000000000000000000011101100010011010111100
0 0100000100010000000000000000000000000000111011000100110101111000
0 1000001000100000000000000000000000000001110110001001101011110000
0 0000010001000000000000000000000000000011101100010011010111100001
0 0000100010000000000000000000000000000111011000100110101111000011
0 0001000100000000000000000000000000001110110001001101011110000111
0 0010001000000000000000000000000000011101100010011010111100001110
0 0100010000000000000000000000000000111011000100110101111000011101
0 1000100000000000000000000000000001110110001001101011110000111011
0 0001000000000000000000000000000011101100010011010111100001110110
0 0010000000000000000000000000000111011000100110101111000011101100
0 0100000000000000000000000000001110110001001101011110000111011001
0 1000000000000000000000000000011101100010011010111100001110110010
0 0000000000000000000000000000111011000100110101111000011101100101
0 0000000000000000000000000001110110001001101011110000111011001010
0 0000000000000000000000000011101100010011010111100001110110010100
0 0000000000000000000000000111011000100110101111000011101100101000
0 0000000000000000000000001110110001001101011110000111011001010000
0 0000000000000000000000011101100010011010111100001110110010100000
0 0000000000000000000000111011000100110101111000011101100101000000
0 0000000000000000000001110110001001101011110000111011001010000000
0 0000000000000000000011101100010011010111100001110110010100000000
0 0000000000000000000111011000100110101111000011101100101000000000
0 0000000000000000001110110001001101011110000111011001010000000000
0 0000000000000000011101100010011010111100001110110010100000000000
0 0000000000000000111011000100110101111000011101100101000000000000
0 0000000000000001110110001001101011110000111011001010000000000000
0 0000000000000011101100010011010111100001110110010100000000000000
0 0000000000000111011000100110101111000011101100101000000000000000
0 0000000000001110110001001101011110000111011001010000000000000000
0 0000000000011101100010011010111100001110110010100000000000000000
0 0000000000111011000100110101111000011101100101000000000000000000
0 0000000001110110001001101011110000111011001010000000000000000000
0 0000000011101100010011010111100001110110010100000000000000000000
0 0000000111011000100110101111000011101100101000000000000000000000
0 0000001110110001001101011110000111011001010000000000000000000000
0 0000011101100010011010111100001110110010100000000000000000000000
0 0000111011000100110101111000011101100101000000000000000000000001
0 0001110110001001101011110000111011001010000000000000000000000010
0 0011101100010011010111100001110110010100000000000000000000000100
0 0111011000100110101111000011101100101000000000000000000000001000
0 1110110001001101011110000111011001010000000000000000000000010000
0 1101100010011010111100001110110010100000000000000000000000100000
0 1011000100110101111000011101100101000000000000000000000001000000
0 0110001001101011110000111011001010000000000000000000000010000000
0 1100010011010111100001110110010100000000000000000000000100000001
0 1000100110101111000011101100101000000000000000000000001000000010
0 0001001101011110000111011001010000000000000000000000010000000100
0 0010011010111100001110110010100000000000000000000000100000001000
0 0100110101111000011101100101000000000000000000000001000000010000
0 1001101011110000111011001010000000000000000000000010000000100000
0 0011010111100001110110010100000000000000000000000100000001000000
0 0110101111000011101100101000000000000000000000001000000010000000
0 1101011110000111011001010000000000000000000000010000000100000000
0 1010111100001110110010100000000000000000000000100000001000000000
0 0101111000011101100101000000000000000000000001000000010000000000
0 1011110000111011001010000000000000000000000010000000100000000000
0 0111100001110110010100000000000000000000000100000001000000000000
0 1111000011101100101000000000000000000000001000000010000000000000
0 1110000111011001010000000000000000000000010000000100000000000000
0 1100001110110010100000000000000000000000100000001000000000000000
0 1000011101100101000000000000000000000001000000010000000000000001
0 0000111011001010000000000000000000000010000000100000000000000010
0 0001110110010100000000000000000000000100000001000000000000000100
0 0011101100101000000000000000000000001000000010000000000000001000
0 0111011001010000000000000000000000010000000100000000000000010000
0 1110110010100000000000000000000000100000001000000000000000100000
0 1101100101000000000000000000000001000000010000000000000001000000
0 1011001010000000000000000000000010000000100000000000000010000000
0 0110010100000000000000000000000100000001000000000000000100000000
0 1100101000000000000000000000001000000010000000000000001000000000
0 1001010000000000000000000000010000000100000000000000010000000000
0 0010100000000000000000000000100000001000000000000000100000000000
0 0101000000000000000000000001000000010000000000000001000000000000
0 1010000000000000000000000010000000100000000000000010000000000000
0 0100000000000000000000000100000001000000000000000100000000000000
0 1000000000000000000000001000000010000000000000001000000000000000
0 0000000000000000000000010000000100000000000000010000000000000001
0 0000000000000000000000100000001000000000000000100000000000000010
0 0000000000000000000001000000010000000000000001000000000000000100
0 0000000000000000000010000000100000000000000010000000000000001000
0 0000000000000000000100000001000000000000000100000000000000010000
0 0000000000000000001000000010000000000000001000000000000000100000
0 0000000000000000010000000100000000000000010000000000000001000000
0 0000000000000000100000001000000000000000100000000000000010000000
0 0000000000000001000000010000000000000001000000000000000100000000
0 0000000000000010000000100000000000000010000000000000001000000000
0 0000000000000100000001000000000000000100000000000000010000000000
0 0000000000001000000010000000000000001000000000000000100000000000
0 0000000000010000000100000000000000010000000000000001000000000000
0 0000000000100000001000000000000000100000000000000010000000000000
0 0000000001000000010000000000000001000000000000000100000000000000
0 0000000010000000100000000000000010000000000000001000000000000000
0 0000000100000001000000000000000100000000000000010000000000000000
0 0000001000000010000000000000001000000000000000100000000000000000
0 0000010000000100000000000000010000000000000001000000000000000000
0 0000100000001000000000000000100000000000000010000000000000000001
0 0001000000010000000000000001000000000000000100000000000000000011
0 0010000000100000000000000010000000000000001000000000000000000110
0 0100000001000000000000000100000000000000010000000000000000001101
0 1000000010000000000000001000000000000000100000000000000000011010
0 0000000100000000000000010000000000000001000000000000000000110101
0 0000001000000000000000100000000000000010000000000000000001101010
0 0000010000000000000001000000000000000100000000000000000011010100
0 0000100000000000000010000000000000001000000000000000000110101001
0 0001000000000000000100000000000000010000000000000000001101010011
0 0010000000000000001000000000000000100000000000000000011010100110
0 0100000000000000010000000000000001000000000000000000110101001101
0 1000000000000000100000000000000010000000000000000001101010011010
0 0000000000000001000000000000000100000000000000000011010100110101
0 0000000000000010000000000000001000000000000000000110101001101010
0 0000000000000100000000000000010000000000000000001101010011010100
0 0000000000001000000000000000100000000000000000011010100110101000
0 0000000000010000000000000001000000000000000000110101001101010000
0 0000000000100000000000000010000000000000000001101010011010100000
0 0000000001000000000000000100000000000000000011010100110101000000
0 0000000010000000000000001000000000000000000110101001101010000000
0 0000000100000000000000010000000000000000001101010011010100000000
0 0000001000000000000000100000000000000000011010100110101000000000
0 0000010000000000000001000000000000000000110101001101010000000000
0 0000100000000000000010000000000000000001101010011010100000000001
0 0001000000000000000100000000000000000011010100110101000000000011
0 0010000000000000001000000000000000000110101001101010000000000110
0 0100000000000000010000000000000000001101010011010100000000001101
0 1000000000000000100000000000000000011010100110101000000000011010
0 0000000000000001000000000000000000110101001101010000000000110101
0 0000000000000010000000000000000001101010011010100000000001101010
0 0000000000000100000000000000000011010100110101000000000011010100
0 0000000000001000000000000000000110101001101010000000000110101000
0 0000000000010000000000000000001101010011010100000000001101010000
0 0000000000100000000000000000011010100110101000000000011010100000
0 0000000001000000000000000000110101001101010000000000110101000000
0 0000000010000000000000000001101010011010100000000001101010000000
0 0000000100000000000000000011010100110101000000000011010100000000
0 0000001000000000000000000110101001101010000000000110101000000000
0 0000010000000000000000001101010011010100000000001101010000000000
0 0000100000000000000000011010100110101000000000011010100000000001
0 0001000000000000000000110101001101010000000000110101000000000011
0 0010000000000000000001101010011010100000000001101010000000000110
0 0100000000000000000011010100110101000000000011010100000000001101
0 1000000000000000000110101001101010000000000110101000000000011010
0 0000000000000000001101010011010100000000001101010000000000110101
0 0000000000000000011010100110101000000000011010100000000001101010
0 0000000000000000110101001101010000000000110101000000000011010100
0 0000000000000001101010011010100000000001101010000000000110101000
0 0000000000000011010100110101000000000011010100000000001101010000
0 0000000000000110101001101010000000000110101000000000011010100000
0 0000000000001101010011010100000000001101010000000000110101000000
0 0000000000011010100110101000000000011010100000000001101010000000
0 0000000000110101001101010000000000110101000000000011010100000000
0 0000000001101010011010100000000001101010000000000110101000000000
0 0000000011010100110101000000000011010100000000001101010000000000
0 0000000110101001101010000000000110101000000000011010100000000000
0 0000001101010011010100000000001101010000000000110101000000000000
0 0000011010100110101000000000011010100000000001101010000000000000
0 0000110101001101010000000000110101000000000011010100000000000001
0 0001101010011010100000000001101010000000000110101000000000000010
0 0011010100110101000000000011010100000000001101010000000000000101
0 0110101001101010000000000110101000000000011010100000000000001010
0 1101010011010100000000001101010000000000110101000000000000010100
0 1010100110101000000000011010100000000001101010000000000000101000
0 0101001101010000000000110101000000000011010100000000000001010001
0 1010011010100000000001101010000000000110101000000000000010100010
0 0100110101000000000011010100000000001101010000000000000101000101
0 1001101010000000000110101000000000011010100000000000001010001010
0 0011010100000000001101010000000000110101000000000000010100010100
0 0110101000000000011010100000000001101010000000000000101000101000
0 1101010000000000110101000000000011010100000000000001010001010000
0 1010100000000001101010000000000110101000000000000010100010100000
0 0101000000000011010100000000001101010000000000000101000101000001
0 1010000000000110101000000000011010100000000000001010001010000010
0 0100000000001101010000000000110101000000000000010100010100000100
0 1000000000011010100000000001101010000000000000101000101000001000
0 0000000000110101000000000011010100000000000001010001010000010001
0 0000000001101010000000000110101000000000000010100010100000100010
0 0000000011010100000000001101010000000000000101000101000001000100
0 0000000110101000000000011010100000000000001010001010000010001000
0 0000001101010000000000110101000000000000010100010100000100010000
0 0000011010100000000001101010000000000000101000101000001000100000
0 0000110101000000000011010100000000000001010001010000010001000001
0 0001101010000000000110101000000000000010100010100000100010000010
0 0011010100000000001101010000000000000101000101000001000100000101
0 0110101000000000011010100000000000001010001010000010001000001010
0 1101010000000000110101000000000000010100010100000100010000010100
0 1010100000000001101010000000000000101000101000001000100000101000
0 0101000000000011010100000000000001010001010000010001000001010001
0 1010000000000110101000000000000010100010100000100010000010100010
0 0100000000001101010000000000000101000101000001000100000101000100
0 1000000000011010100000000000001010001010000010001000001010001000
0 0000000000110101000000000000010100010100000100010000010100010001
0 0000000001101010000000000000101000101000001000100000101000100010
0 0000000011010100000000000001010001010000010001000001010001000100
0 0000000110101000000000000010100010100000100010000010100010001000
0 0000001101010000000000000101000101000001000100000101000100010000
0 0000011010100000000000001010001010000010001000001010001000100000
0 0000110101000000000000010100010100000100010000010100010001000001
0 0001101010000000000000101000101000001000100000101000100010000010
0 0011010100000000000001010001010000010001000001010001000100000101
0 0110101000000000000010100010100000100010000010100010001000001010
0 1101010000000000000101000101000001000100000101000100010000010100
0 1010100000000000001010001010000010001000001010001000100000101000
0 0101000000000000010100010100000100010000010100010001000001010001
0 1010000000000000101000101000001000100000101000100010000010100010
0 0100000000000001010001010000010001000001010001000100000101000100
0 1000000000000010100010100000100010000010100010001000001010001000
0 0000000000000101000101000001000100000101000100010000010100010001
0 0000000000001010001010000010001000001010001000100000101000100010
0 0000000000010100010100000100010000010100010001000001010001000100
0 0000000000101000101000001000100000101000100010000010100010001000
0 0000000001010001010000010001000001010001000100000101000100010000
0 0000000010100010100000100010000010100010001000001010001000100000
0 0000000101000101000001000100000101000100010000010100010001000000
0 0000001010001010000010001000001010001000100000101000100010000000
0 0000010100010100000100010000010100010001000001010001000100000000
0 0000101000101000001000100000101000100010000010100010001000000001
0 0001010001010000010001000001010001000100000101000100010000000011
0 0010100010100000100010000010100010001000001010001000100000000111
0 0101000101000001000100000101000100010000010100010001000000001110
0 1010001010000010001000001010001000100000101000100010000000011100
0 0100010100000100010000010100010001000001010001000100000000111000
0 1000101000001000100000101000100010000010100010001000000001110001
0 0001010000010001000001010001000100000101000100010000000011100010
0 0010100000100010000010100010001000001010001000100000000111000101
0 0101000001000100000101000100010000010100010001000000001110001010
0 1010000010001000001010001000100000101000100010000000011100010100
0 0100000100010000010100010001000001010001000100000000111000101000
0 1000001000100000101000100010000010100010001000000001110001010000
0 0000010001000001010001000100000101000100010000000011100010100001
0 0000100010000010100010001000001010001000100000000111000101000011
0 0001000100000101000100010000010100010001000000001110001010000111
0 0010001000001010001000100000101000100010000000011100010100001110
0 0100010000010100010001000001010001000100000000111000101000011101
0 1000100000101000100010000010100010001000000001110001010000111011
0 0001000001010001000100000101000100010000000011100010100001110110
0 0010000010100010001000001010001000100000000111000101000011101100
0 0100000101000100010000010100010001000000001110001010000111011001
0 1000001010001000100000101000100010000000011100010100001110110010
0 0000010100010001000001010001000100000000111000101000011101100101
0 0000101000100010000010100010001000000001110001010000111011001011
0 0001010001000100000101000100010000000011100010100001110110010111
0 0010100010001000001010001000100000000111000101000011101100101111
0 0101000100010000010100010001000000001110001010000111011001011110
0 1010001000100000101000100010000000011100010100001110110010111100
0 0100010001000001010001000100000000111000101000011101100101111000
0 1000100010000010100010001000000001110001010000111011001011110001
0 0001000100000101000100010000000011100010100001110110010111100010
0 0010001000001010001000100000000111000101000011101100101111000100
0 0100010000010100010001000000001110001010000111011001011110001001
0 1000100000101000100010000000011100010100001110110010111100010011
0 0001000001010001000100000000111000101000011101100101111000100110
0 0010000010100010001000000001110001010000111011001011110001001100
0 0100000101000100010000000011100010100001110110010111100010011001
0 1000001010001000100000000111000101000011101100101111000100110010
0 0000010100010001000000001110001010000111011001011110001001100101
0 0000101000100010000000011100010100001110110010111100010011001011
0 0001010001000100000000111000101000011101100101111000100110010111
0 0010100010001000000001110001010000111011001011110001001100101111
0 0101000100010000000011100010100001110110010111100010011001011110
0 1010001000100000000111000101000011101100101111000100110010111100
0 0100010001000000001110001010000111011001011110001001100101111000
0 1000100010000000011100010100001110110010111100010011001011110001
0 0001000100000000111000101000011101100101111000100110010111100010
0 0010001000000001110001010000111011001011110001001100101111000100
0 0100010000000011100010100001110110010111100010011001011110001001
0 1000100000000111000101000011101100101111000100110010111100010011
0 0001000000001110001010000111011001011110001001100101111000100110
0 0010000000011100010100001110110010111100010011001011110001001100
0 0100000000111000101000011101100101111000100110010111100010011001
0 1000000001110001010000111011001011110001001100101111000100110010
0 0000000011100010100001110110010111100010011001011110001001100101
0 0000000111000101000011101100101111000100110010111100010011001010
0 0000001110001010000111011001011110001001100101111000100110010100
0 0000011100010100001110110010111100010011001011110001001100101000
0 0000111000101000011101100101111000100110010111100010011001010001
0 0001110001010000111011001011110001001100101111000100110010100010
0 0011100010100001110110010111100010011001011110001001100101000100
0 0111000101000011101100101111000100110010111100010011001010001000
0 1110001010000111011001011110001001100101111000100110010100010001
0 1100010100001110110010111100010011001011110001001100101000100010
0 1000101000011101100101111000100110010111100010011001010001000100
0 0001010000111011001011110001001100101111000100110010100010001000
0 0010100001110110010111100010011001011110001001100101000100010001
0 0101000011101100101111000100110010111100010011001010001000100010
0 1010000111011001011110001001100101111000100110010100010001000100
0 0100001110110010111100010011001011110001001100101000100010001000
0 1000011101100101111000100110010111100010011001010001000100010000
0 0000111011001011110001001100101111000100110010100010001000100000
0 0001110110010111100010011001011110001001100101000100010001000000
0 0011101100101111000100110010111100010011001010001000100010000000
0 0111011001011110001001100101111000100110010100010001000100000000
0 1110110010111100010011001011110001001100101000100010001000000000
0 1101100101111000100110010111100010011001010001000100010000000000
0 1011001011110001001100101111000100110010100010001000100000000000
0 0110010111100010011001011110001001100101000100010001000000000000
0 1100101111000100110010111100010011001010001000100010000000000000
0 1001011110001001100101111000100110010100010001000100000000000000
0 0010111100010011001011110001001100101000100010001000000000000000
0 0101111000100110010111100010011001010001000100010000000000000001
0 1011110001001100101111000100110010100010001000100000000000000010
0 0111100010011001011110001001100101000100010001000000000000000100
0 1111000100110010111100010011001010001000100010000000000000001000
0 1110001001100101111000100110010100010001000100000000000000010000
0 1100010011001011110001001100101000100010001000000000000000100000
0 1000100110010111100010011001010001000100010000000000000001000000
0 0001001100101111000100110010100010001000100000000000000010000000
0 0010011001011110001001100101000100010001000000000000000100000000
0 0100110010111100010011001010001000100010000000000000001000000000
0 1001100101111000100110010100010001000100000000000000010000000000
0 0011001011110001001100101000100010001000000000000000100000000000
0 0110010111100010011001010001000100010000000000000001000000000001
0 1100101111000100110010100010001000100000000000000010000000000010
0 1001011110001001100101000100010001000000000000000100000000000100
0 0010111100010011001010001000100010000000000000001000000000001000
0 0101111000100110010100010001000100000000000000010000000000010001
0 1011110001001100101000100010001000000000000000100000000000100010
0 0111100010011001010001000100010000000000000001000000000001000100
0 1111000100110010100010001000100000000000000010000000000010001000
0 1110001001100101000100010001000000000000000100000000000100010000
0 1100010011001010001000100010000000000000001000000000001000100000
0 1000100110010100010001000100000000000000010000000000010001000000
0 0001001100101000100010001000000000000000100000000000100010000000
0 0010011001010001000100010000000000000001000000000001000100000000
0 0100110010100010001000100000000000000010000000000010001000000000
0 1001100101000100010001000000000000000100000000000100010000000000
0 0011001010001000100010000000000000001000000000001000100000000000
0 0110010100010001000100000000000000010000000000010001000000000001
0 1100101000100010001000000000000000100000000000100010000000000010
0 1001010001000100010000000000000001000000000001000100000000000100
0 0010100010001000100000000000000010000000000010001000000000001000
0 0101000100010001000000000000000100000000000100010000000000010000
0 1010001000100010000000000000001000000000001000100000000000100000
0 0100010001000100000000000000010000000000010001000000000001000000
0 1000100010001000000000000000100000000000100010000000000010000001
0 0001000100010000000000000001000000000001000100000000000100000010
0 0010001000100000000000000010000000000010001000000000001000000100
0 0100010001000000000000000100000000000100010000000000010000001001
0 1000100010000000000000001000000000001000100000000000100000010011
0 0001000100000000000000010000000000010001000000000001000000100110
0 0010001000000000000000100000000000100010000000000010000001001100
0 0100010000000000000001000000000001000100000000000100000010011001
0 1000100000000000000010000000000010001000000000001000000100110011
0 0001000000000000000100000000000100010000000000010000001001100110
0 0010000000000000001000000000001000100000000000100000010011001100
0 0100000000000000010000000000010001000000000001000000100110011001
0 1000000000000000100000000000100010000000000010000001001100110010
0 0000000000000001000000000001000100000000000100000010011001100101
0 0000000000000010000000000010001000000000001000000100110011001010
0 0000000000000100000000000100010000000000010000001001100110010100
0 0000000000001000000000001000100000000000100000010011001100101000
0 0000000000010000000000010001000000000001000000100110011001010000
0 0000000000100000000000100010000000000010000001001100110010100000
0 0000000001000000000001000100000000000100000010011001100101000000
0 0000000010000000000010001000000000001000000100110011001010000000
0 0000000100000000000100010000000000010000001001100110010100000000
0 0000001000000000001000100000000000100000010011001100101000000000
0 0000010000000000010001000000000001000000100110011001010000000000
0 0000100000000000100010000000000010000001001100110010100000000001
0 0001000000000001000100000000000100000010011001100101000000000011
0 0010000000000010001000000000001000000100110011001010000000000110
0 0100000000000100010000000000010000001001100110010100000000001101
0 1000000000001000100000000000100000010011001100101000000000011010
0 0000000000010001000000000001000000100110011001010000000000110101
0 0000000000100010000000000010000001001100110010100000000001101010
0 0000000001000100000000000100000010011001100101000000000011010100
0 0000000010001000000000001000000100110011001010000000000110101000
0 0000000100010000000000010000001001100110010100000000001101010000
0 0000001000100000000000100000010011001100101000000000011010100000
0 0000010001000000000001000000100110011001010000000000110101000000
0 0000100010000000000010000001001100110010100000000001101010000001
0 0001000100000000000100000010011001100101000000000011010100000011
0 0010001000000000001000000100110011001010000000000110101000000110
0 0100010000000000010000001001100110010100000000001101010000001101
0 1000100000000000100000010011001100101000000000011010100000011011
0 0001000000000001000000100110011001010000000000110101000000110110
0 0010000000000010000001001100110010100000000001101010000001101100
0 0100000000000100000010011001100101000000000011010100000011011001
0 1000000000001000000100110011001010000000000110101000000110110010
0 0000000000010000001001100110010100000000001101010000001101100101
0 0000000000100000010011001100101000000000011010100000011011001010
0 0000000001000000100110011001010000000000110101000000110110010100
0 0000000010000001001100110010100000000001101010000001101100101000
0 0000000100000010011001100101000000000011010100000011011001010000
0 0000001000000100110011001010000000000110101000000110110010100000
0 0000010000001001100110010100000000001101010000001101100101000000
0 0000100000010011001100101000000000011010100000011011001010000001
0 0001000000100110011001010000000000110101000000110110010100000011
0 0010000001001100110010100000000001101010000001101100101000000110
0 0100000010011001100101000000000011010100000011011001010000001101
0 1000000100110011001010000000000110101000000110110010100000011010
0 0000001001100110010100000000001101010000001101100101000000110101
0 0000010011001100101000000000011010100000011011001010000001101010
0 0000100110011001010000000000110101000000110110010100000011010101
0 0001001100110010100000000001101010000001101100101000000110101011
0 0010011001100101000000000011010100000011011001010000001101010110
0 0100110011001010000000000110101000000110110010100000011010101100
0 1001100110010100000000001101010000001101100101000000110101011000
0 0011001100101000000000011010100000011011001010000001101010110000
0 0110011001010000000000110101000000110110010100000011010101100001
0 1100110010100000000001101010000001101100101000000110101011000010
0 1001100101000000000011010100000011011001010000001101010110000101
0 0011001010000000000110101000000110110010100000011010101100001010
0 0110010100000000001101010000001101100101000000110101011000010101
0 1100101000000000011010100000011011001010000001101010110000101010
0 1001010000000000110101000000110110010100000011010101100001010100
0 0010100000000001101010000001101100101000000110101011000010101000
0 0101000000000011010100000011011001010000001101010110000101010000
0 1010000000000110101000000110110010100000011010101100001010100000
0 0100000000001101010000001101100101000000110101011000010101000000
0 1000000000011010100000011011001010000001101010110000101010000000
0 0000000000110101000000110110010100000011010101100001010100000001
0 0000000001101010000001101100101000000110101011000010101000000010
0 0000000011010100000011011001010000001101010110000101010000000100
0 0000000110101000000110110010100000011010101100001010100000001000
0 0000001101010000001101100101000000110101011000010101000000010000
0 0000011010100000011011001010000001101010110000101010000000100000
0 0000110101000000110110010100000011010101100001010100000001000001
0 0001101010000001101100101000000110101011000010101000000010000010
0 0011010100000011011001010000001101010110000101010000000100000101
0 0110101000000110110010100000011010101100001010100000001000001010
0 1101010000001101100101000000110101011000010101000000010000010100
0 1010100000011011001010000001101010110000101010000000100000101000
0 0101000000110110010100000011010101100001010100000001000001010001
0 1010000001101100101000000110101011000010101000000010000010100010
0 0100000011011001010000001101010110000101010000000100000101000100
0 1000000110110010100000011010101100001010100000001000001010001000
0 0000001101100101000000110101011000010101000000010000010100010001
0 0000011011001010000001101010110000101010000000100000101000100010
0 0000110110010100000011010101100001010100000001000001010001000101
0 0001101100101000000110101011000010101000000010000010100010001010
0 0011011001010000001101010110000101010000000100000101000100010101
0 0110110010100000011010101100001010100000001000001010001000101010
0 1101100101000000110101011000010101000000010000010100010001010101
0 1011001010000001101010110000101010000000100000101000100010101010
0 0110010100000011010101100001010100000001000001010001000101010100
0 1100101000000110101011000010101000000010000010100010001010101000
0 1001010000001101010110000101010000000100000101000100010101010000
0 0010100000011010101100001010100000001000001010001000101010100000
0 0101000000110101011000010101000000010000010100010001010101000000
0 1010000001101010110000101010000000100000101000100010101010000000
0 0100000011010101100001010100000001000001010001000101010100000000
0 1000000110101011000010101000000010000010100010001010101000000000
0 0000001101010110000101010000000100000101000100010101010000000001
0 0000011010101100001010100000001000001010001000101010100000000010
0 0000110101011000010101000000010000010100010001010101000000000101
0 0001101010110000101010000000100000101000100010101010000000001010
0 0011010101100001010100000001000001010001000101010100000000010101
0 0110101011000010101000000010000010100010001010101000000000101010
0 1101010110000101010000000100000101000100010101010000000001010100
0 1010101100001010100000001000001010001000101010100000000010101000
0 0101011000010101000000010000010100010001010101000000000101010001
0 1010110000101010000000100000101000100010101010000000001010100011
0 0101100001010100000001000001010001000101010100000000010101000110
0 1011000010101000000010000010100010001010101000000000101010001101
0 0110000101010000000100000101000100010101010000000001010100011010
0 1100001010100000001000001010001000101010100000000010101000110101
0 1000010101000000010000010100010001010101000000000101010001101011
0 0000101010000000100000101000100010101010000000001010100011010110
0 0001010100000001000001010001000101010100000000010101000110101101
0 0010101000000010000010100010001010101000000000101010001101011011
0 0101010000000100000101000100010101010000000001010100011010110110
0 1010100000001000001010001000101010100000000010101000110101101101
0 0101000000010000010100010001010101000000000101010001101011011011
0 1010000000100000101000100010101010000000001010100011010110110110
0 0100000001000001010001000101010100000000010101000110101101101100
0 1000000010000010100010001010101000000000101010001101011011011000
0 0000000100000101000100010101010000000001010100011010110110110001
0 0000001000001010001000101010100000000010101000110101101101100010
0 0000010000010100010001010101000000000101010001101011011011000100
0 0000100000101000100010101010000000001010100011010110110110001001
0 0001000001010001000101010100000000010101000110101101101100010011
0 0010000010100010001010101000000000101010001101011011011000100110
0 0100000101000100010101010000000001010100011010110110110001001101
0 1000001010001000101010100000000010101000110101101101100010011010
0 0000010100010001010101000000000101010001101011011011000100110101
0 0000101000100010101010000000001010100011010110110110001001101011
0 0001010001000101010100000000010101000110101101101100010011010111
0 0010100010001010101000000000101010001101011011011000100110101111
0 0101000100010101010000000001010100011010110110110001001101011110
0 1010001000101010100000000010101000110101101101100010011010111100
0 0100010001010101000000000101010001101011011011000100110101111000
0 1000100010101010000000001010100011010110110110001001101011110001
0 0001000101010100000000010101000110101101101100010011010111100010
0 0010001010101000000000101010001101011011011000100110101111000100
0 0100010101010000000001010100011010110110110001001101011110001001
0 1000101010100000000010101000110101101101100010011010111100010011
0 0001010101000000000101010001101011011011000100110101111000100110
0 0010101010000000001010100011010110110110001001101011110001001101
0 0101010100000000010101000110101101101100010011010111100010011010
0 1010101000000000101010001101011011011000100110101111000100110101
0 0101010000000001010100011010110110110001001101011110001001101011
0 1010100000000010101000110101101101100010011010111100010011010111
0 0101000000000101010001101011011011000100110101111000100110101111
0 1010000000001010100011010110110110001001101011110001001101011110
0 0100000000010101000110101101101100010011010111100010011010111100
0 1000000000101010001101011011011000100110101111000100110101111000
0 0000000001010100011010110110110001001101011110001001101011110001
0 0000000010101000110101101101100010011010111100010011010111100010
0 0000000101010001101011011011000100110101111000100110101111000100
0 0000001010100011010110110110001001101011110001001101011110001000
0 0000010101000110101101101100010011010111100010011010111100010000
0 0000101010001101011011011000100110101111000100110101111000100001
0 0001010100011010110110110001001101011110001001101011110001000011
0 0010101000110101101101100010011010111100010011010111100010000111
0 0101010001101011011011000100110101111000100110101111000100001110
0 1010100011010110110110001001101011110001001101011110001000011101
0 0101000110101101101100010011010111100010011010111100010000111011
0 1010001101011011011000100110101111000100110101111000100001110110
0 0100011010110110110001001101011110001001101011110001000011101100
0 1000110101101101100010011010111100010011010111100010000111011001
0 0001101011011011000100110101111000100110101111000100001110110011
0 0011010110110110001001101011110001001101011110001000011101100111
0 0110101101101100010011010111100010011010111100010000111011001110
0 1101011011011000100110101111000100110101111000100001110110011100
0 1010110110110001001101011110001001101011110001000011101100111000
0 0101101101100010011010111100010011010111100010000111011001110000
0 1011011011000100110101111000100110101111000100001110110011100001
0 0110110110001001101011110001001101011110001000011101100111000011
0 1101101100010011010111100010011010111100010000111011001110000111
0 1011011000100110101111000100110101111000100001110110011100001110
0 0110110001001101011110001001101011110001000011101100111000011101
0 1101100010011010111100010011010111100010000111011001110000111011
0 1011000100110101111000100110101111000100001110110011100001110110
0 0110001001101011110001001101011110001000011101100111000011101100
0 1100010011010111100010011010111100010000111011001110000111011001
0 1000100110101111000100110101111000100001110110011100001110110010
0 0001001101011110001001101011110001000011101100111000011101100100
0 0010011010111100010011010111100010000111011001110000111011001000
0 0100110101111000100110101111000100001110110011100001110110010000
0 1001101011110001001101011110001000011101100111000011101100100000
0 0011010111100010011010111100010000111011001110000111011001000000
0 0110101111000100110101111000100001110110011100001110110010000000
0 1101011110001001101011110001000011101100111000011101100100000000
0 1010111100010011010111100010000111011001110000111011001000000000
0 0101111000100110101111000100001110110011100001110110010000000000
0 1011110001001101011110001000011101100111000011101100100000000000
0 0111100010011010111100010000111011001110000111011001000000000000
0 1111000100110101111000100001110110011100001110110010000000000000
0 1110001001101011110001000011101100111000011101100100000000000000
0 1100010011010111100010000111011001110000111011001000000000000000
0 1000100110101111000100001110110011100001110110010000000000000000
0 0001001101011110001000011101100111000011101100100000000000000000
0 0010011010111100010000111011001110000111011001000000000000000000
0 0100110101111000100001110110011100001110110010000000000000000000
0 1001101011110001000011101100111000011101100100000000000000000000
0 0011010111100010000111011001110000111011001000000000000000000000
0 0110101111000100001110110011100001110110010000000000000000000000
0 1101011110001000011101100111000011101100100000000000000000000000
0 1010111100010000111011001110000111011001000000000000000000000000
0 0101111000100001110110011100001110110010000000000000000000000000
0 1011110001000011101100111000011101100100000000000000000000000000
0 0111100010000111011001110000111011001000000000000000000000000000
0 1111000100001110110011100001110110010000000000000000000000000000
0 1110001000011101100111000011101100100000000000000000000000000000
0 1100010000111011001110000111011001000000000000000000000000000000
0 1000100001110110011100001110110010000000000000000000000000000000
0 0001000011101100111000011101100100000000000000000000000000000000
0 0010000111011001110000111011001000000000000000000000000000000000
0 0100001110110011100001110110010000000000000000000000000000000001
0 1000011101100111000011101100100000000000000000000000000000000010
0 0000111011001110000111011001000000000000000000000000000000000100
0 0001110110011100001110110010000000000000000000000000000000001000
0 0011101100111000011101100100000000000000000000000000000000010000
0 0111011001110000111011001000000000000000000000000000000000100000
0 1110110011100001110110010000000000000000000000000000000001000000
0 1101100111000011101100100000000000000000000000000000000010000000
